ROS Processes Log
iteration: 22 ; CPU: .28% ; MEM: .60 
iteration: 23 ; CPU: .28% ; MEM: 16.34 
iteration: 24 ; CPU: 0% ; MEM: 55.32 
iteration: 25 ; CPU: 0% ; MEM: 45.99 
iteration: 26 ; CPU: 3.43% ; MEM: 61.47 
iteration: 27 ; CPU: 3.25% ; MEM: 69.32 
iteration: 28 ; CPU: 3.31% ; MEM: 107.98 
iteration: 29 ; CPU: 3.31% ; MEM: 108.48 
iteration: 30 ; CPU: 3.31% ; MEM: 150.47 
iteration: 31 ; CPU: 29.54% ; MEM: 195.70 
iteration: 32 ; CPU: 29.67% ; MEM: 278.75 
iteration: 33 ; CPU: 29.76% ; MEM: 529.65 
iteration: 34 ; CPU: 29.89% ; MEM: 613.53 
iteration: 35 ; CPU: 29.98% ; MEM: 728.71 
iteration: 36 ; CPU: 29.98% ; MEM: 769.88 
iteration: 37 ; CPU: 30.04% ; MEM: 871.20 
iteration: 38 ; CPU: 42.03% ; MEM: 871.43 
iteration: 39 ; CPU: 42.69% ; MEM: 876.57 
iteration: 40 ; CPU: 43.34% ; MEM: 919.57 
iteration: 41 ; CPU: 43.75% ; MEM: 919.57 
iteration: 42 ; CPU: 44.17% ; MEM: 919.57 
iteration: 43 ; CPU: 44.55% ; MEM: 933.61 
iteration: 44 ; CPU: 45.17% ; MEM: 963.26 
iteration: 45 ; CPU: 45.67% ; MEM: 1007.03 
iteration: 46 ; CPU: 32.53% ; MEM: 1127.57 
iteration: 47 ; CPU: 38.21% ; MEM: 1225.70 
iteration: 48 ; CPU: 38.57% ; MEM: 1300.51 
iteration: 49 ; CPU: 38.60% ; MEM: 1335.60 
iteration: 50 ; CPU: 38.75% ; MEM: 1355.00 
iteration: 51 ; CPU: 38.89% ; MEM: 1438.09 
iteration: 52 ; CPU: 39.00% ; MEM: 1538.99 
iteration: 53 ; CPU: 75.30% ; MEM: 1693.85 
iteration: 54 ; CPU: 79.68% ; MEM: 1838.91 
iteration: 55 ; CPU: 80.20% ; MEM: 1950.43 
iteration: 56 ; CPU: 80.79% ; MEM: 2012.76 
iteration: 57 ; CPU: 75.69% ; MEM: 2025.51 
iteration: 58 ; CPU: 76.24% ; MEM: 2060.03 
iteration: 59 ; CPU: 77.71% ; MEM: 2121.38 
iteration: 60 ; CPU: 48.39% ; MEM: 1910.60 
iteration: 61 ; CPU: 31.50% ; MEM: 1946.69 
iteration: 62 ; CPU: 31.76% ; MEM: 1979.89 
iteration: 63 ; CPU: 32.00% ; MEM: 2019.02 
iteration: 64 ; CPU: 32.22% ; MEM: 2056.34 
iteration: 65 ; CPU: 32.42% ; MEM: 2079.92 
iteration: 66 ; CPU: 32.76% ; MEM: 2113.68 
iteration: 67 ; CPU: 33.02% ; MEM: 2171.38 
iteration: 68 ; CPU: 33.25% ; MEM: 2188.62 
iteration: 69 ; CPU: 25.49% ; MEM: 2227.02 
iteration: 70 ; CPU: 25.91% ; MEM: 2461.19 
iteration: 71 ; CPU: 26.35% ; MEM: 2717.43 
iteration: 72 ; CPU: 26.65% ; MEM: 2994.35 
iteration: 73 ; CPU: 26.91% ; MEM: 3028.51 
iteration: 74 ; CPU: 27.21% ; MEM: 3033.18 
iteration: 75 ; CPU: 54.41% ; MEM: 3083.53 
iteration: 76 ; CPU: 55.01% ; MEM: 3193.62 
iteration: 77 ; CPU: 55.41% ; MEM: 3259.14 
iteration: 78 ; CPU: 55.78% ; MEM: 3515.94 
iteration: 79 ; CPU: 56.10% ; MEM: 3746.04 
iteration: 80 ; CPU: 56.61% ; MEM: 3998.48 
iteration: 81 ; CPU: 82.25% ; MEM: 4057.76 
iteration: 82 ; CPU: 89.68% ; MEM: 4121.73 
iteration: 83 ; CPU: 91.80% ; MEM: 4148.23 
iteration: 84 ; CPU: 92.59% ; MEM: 4366.74 
iteration: 85 ; CPU: 93.05% ; MEM: 4404.83 
iteration: 86 ; CPU: 93.58% ; MEM: 4407.62 
iteration: 87 ; CPU: 94.29% ; MEM: 4418.60 
iteration: 88 ; CPU: 70.03% ; MEM: 4443.85 
iteration: 89 ; CPU: 70.65% ; MEM: 4460.42 
iteration: 90 ; CPU: 71.07% ; MEM: 4471.52 
iteration: 91 ; CPU: 71.53% ; MEM: 4472.30 
iteration: 92 ; CPU: 72.05% ; MEM: 4472.81 
iteration: 93 ; CPU: 72.69% ; MEM: 4486.94 
iteration: 94 ; CPU: 73.20% ; MEM: 4487.80 
iteration: 95 ; CPU: 73.74% ; MEM: 4492.95 
iteration: 96 ; CPU: 52.60% ; MEM: 4497.09 
iteration: 97 ; CPU: 52.98% ; MEM: 4497.34 
iteration: 98 ; CPU: 53.36% ; MEM: 4497.60 
iteration: 99 ; CPU: 53.64% ; MEM: 4497.86 
iteration: 100 ; CPU: 54.06% ; MEM: 4497.86 
iteration: 101 ; CPU: 54.40% ; MEM: 4497.86 
iteration: 102 ; CPU: 54.80% ; MEM: 4502.71 
iteration: 103 ; CPU: 43.88% ; MEM: 4508.36 
iteration: 104 ; CPU: 44.25% ; MEM: 4516.63 
iteration: 105 ; CPU: 44.66% ; MEM: 4522.01 
iteration: 106 ; CPU: 45.08% ; MEM: 4527.27 
iteration: 107 ; CPU: 45.55% ; MEM: 4528.30 
iteration: 108 ; CPU: 45.95% ; MEM: 4534.54 
iteration: 109 ; CPU: 46.38% ; MEM: 4535.08 
iteration: 110 ; CPU: 39.31% ; MEM: 4539.36 
iteration: 111 ; CPU: 39.87% ; MEM: 4555.13 
iteration: 112 ; CPU: 40.28% ; MEM: 4587.96 
iteration: 113 ; CPU: 40.70% ; MEM: 4588.73 
iteration: 114 ; CPU: 41.18% ; MEM: 4588.73 
iteration: 115 ; CPU: 41.85% ; MEM: 4588.74 
iteration: 116 ; CPU: 42.40% ; MEM: 4590.29 
iteration: 117 ; CPU: 42.90% ; MEM: 4595.99 
iteration: 118 ; CPU: 37.51% ; MEM: 4599.62 
iteration: 119 ; CPU: 38.05% ; MEM: 4646.17 
iteration: 120 ; CPU: 38.60% ; MEM: 4758.12 
iteration: 121 ; CPU: 39.09% ; MEM: 4770.44 
iteration: 122 ; CPU: 39.54% ; MEM: 4775.64 
iteration: 123 ; CPU: 39.94% ; MEM: 4776.42 
iteration: 124 ; CPU: 60.90% ; MEM: 4776.42 
iteration: 125 ; CPU: 62.94% ; MEM: 4790.82 
iteration: 126 ; CPU: 36.36% ; MEM: 4652.32 
iteration: 127 ; CPU: 36.72% ; MEM: 4660.03 
iteration: 128 ; CPU: 37.12% ; MEM: 4697.76 
iteration: 129 ; CPU: 37.54% ; MEM: 4704.40 
iteration: 130 ; CPU: 37.97% ; MEM: 4705.14 
iteration: 131 ; CPU: 47.99% ; MEM: 4705.22 
iteration: 132 ; CPU: 40.98% ; MEM: 4670.14 
iteration: 133 ; CPU: 41.56% ; MEM: 4674.03 
iteration: 134 ; CPU: 35.54% ; MEM: 4633.64 
iteration: 135 ; CPU: 35.90% ; MEM: 4633.64 
iteration: 136 ; CPU: 36.26% ; MEM: 4633.64 
iteration: 137 ; CPU: 36.59% ; MEM: 4635.44 
iteration: 138 ; CPU: 33.57% ; MEM: 4640.85 
iteration: 139 ; CPU: 33.90% ; MEM: 4644.21 
iteration: 140 ; CPU: 34.23% ; MEM: 4727.26 
iteration: 141 ; CPU: 34.62% ; MEM: 4808.42 
iteration: 142 ; CPU: 34.94% ; MEM: 4812.18 
iteration: 143 ; CPU: 35.23% ; MEM: 4817.67 
iteration: 144 ; CPU: 56.10% ; MEM: 4820.56 
iteration: 145 ; CPU: 57.42% ; MEM: 4853.45 
iteration: 146 ; CPU: 33.25% ; MEM: 4696.01 
iteration: 147 ; CPU: 33.53% ; MEM: 4722.14 
iteration: 148 ; CPU: 33.80% ; MEM: 4746.89 
iteration: 149 ; CPU: 34.09% ; MEM: 4748.66 
iteration: 150 ; CPU: 34.39% ; MEM: 4748.69 
iteration: 151 ; CPU: 37.95% ; MEM: 4707.70 
iteration: 152 ; CPU: 38.64% ; MEM: 4707.73 
iteration: 153 ; CPU: 32.48% ; MEM: 4672.59 
iteration: 154 ; CPU: 32.76% ; MEM: 4677.23 
iteration: 155 ; CPU: 33.06% ; MEM: 4677.49 
iteration: 156 ; CPU: 33.32% ; MEM: 4677.49 
iteration: 157 ; CPU: 33.61% ; MEM: 4677.50 
iteration: 158 ; CPU: 31.45% ; MEM: 4677.50 
iteration: 159 ; CPU: 31.70% ; MEM: 4681.62 
iteration: 160 ; CPU: 31.96% ; MEM: 4688.58 
iteration: 161 ; CPU: 32.23% ; MEM: 4688.58 
iteration: 162 ; CPU: 32.46% ; MEM: 4688.59 
iteration: 163 ; CPU: 32.73% ; MEM: 4688.59 
iteration: 164 ; CPU: 32.98% ; MEM: 4688.59 
iteration: 165 ; CPU: 31.05% ; MEM: 4688.85 
iteration: 166 ; CPU: 31.30% ; MEM: 4699.67 
iteration: 167 ; CPU: 31.52% ; MEM: 4699.67 
iteration: 168 ; CPU: 31.72% ; MEM: 4699.67 
iteration: 169 ; CPU: 31.97% ; MEM: 4699.67 
iteration: 170 ; CPU: 32.21% ; MEM: 4699.67 
iteration: 171 ; CPU: 32.45% ; MEM: 4699.67 
iteration: 172 ; CPU: 30.70% ; MEM: 4699.67 
iteration: 173 ; CPU: 30.90% ; MEM: 4705.86 
iteration: 174 ; CPU: 31.12% ; MEM: 4710.50 
iteration: 175 ; CPU: 31.35% ; MEM: 4710.50 
iteration: 176 ; CPU: 31.58% ; MEM: 4710.50 
iteration: 177 ; CPU: 31.84% ; MEM: 4711.04 
iteration: 178 ; CPU: 32.09% ; MEM: 4715.29 
iteration: 179 ; CPU: 32.29% ; MEM: 4715.30 
iteration: 180 ; CPU: 30.63% ; MEM: 4715.31 
iteration: 181 ; CPU: 30.81% ; MEM: 4715.32 
iteration: 182 ; CPU: 31.03% ; MEM: 4715.32 
iteration: 183 ; CPU: 31.27% ; MEM: 4715.86 
iteration: 184 ; CPU: 31.48% ; MEM: 4715.87 
iteration: 185 ; CPU: 31.70% ; MEM: 4716.40 
iteration: 186 ; CPU: 31.90% ; MEM: 4716.47 
iteration: 187 ; CPU: 30.35% ; MEM: 4716.47 
iteration: 188 ; CPU: 30.55% ; MEM: 4716.47 
iteration: 189 ; CPU: 30.76% ; MEM: 4716.47 
iteration: 190 ; CPU: 30.96% ; MEM: 4716.47 
iteration: 191 ; CPU: 31.15% ; MEM: 4716.47 
iteration: 192 ; CPU: 31.41% ; MEM: 4716.47 
iteration: 193 ; CPU: 31.59% ; MEM: 4716.47 
iteration: 194 ; CPU: 30.14% ; MEM: 4716.47 
iteration: 195 ; CPU: 30.36% ; MEM: 4716.47 
iteration: 196 ; CPU: 30.53% ; MEM: 4716.47 
iteration: 197 ; CPU: 30.73% ; MEM: 4716.47 
iteration: 198 ; CPU: 30.92% ; MEM: 4716.47 
iteration: 199 ; CPU: 31.09% ; MEM: 4716.47 
iteration: 200 ; CPU: 31.28% ; MEM: 4716.47 
iteration: 201 ; CPU: 29.93% ; MEM: 4716.47 
iteration: 202 ; CPU: 30.15% ; MEM: 4716.47 
iteration: 203 ; CPU: 30.36% ; MEM: 4716.47 
iteration: 204 ; CPU: 30.55% ; MEM: 4716.47 
iteration: 205 ; CPU: 30.72% ; MEM: 4716.47 
iteration: 206 ; CPU: 30.91% ; MEM: 4716.47 
iteration: 207 ; CPU: 31.13% ; MEM: 4716.47 
iteration: 208 ; CPU: 29.86% ; MEM: 4716.47 
iteration: 209 ; CPU: 30.04% ; MEM: 4716.47 
iteration: 210 ; CPU: 30.21% ; MEM: 4716.47 
iteration: 211 ; CPU: 30.40% ; MEM: 4716.47 
iteration: 212 ; CPU: 30.55% ; MEM: 4716.47 
iteration: 213 ; CPU: 30.72% ; MEM: 4716.47 
iteration: 214 ; CPU: 30.93% ; MEM: 4717.39 
iteration: 215 ; CPU: 31.17% ; MEM: 4717.51 
iteration: 216 ; CPU: 29.51% ; MEM: 4620.18 
iteration: 217 ; CPU: 29.50% ; MEM: 4587.59 
iteration: 218 ; CPU: 29.16% ; MEM: 4615.18 
iteration: 219 ; CPU: 28.84% ; MEM: 4600.13 
iteration: 220 ; CPU: 28.88% ; MEM: 4569.20 
iteration: 221 ; CPU: 29.04% ; MEM: 4569.24 
iteration: 222 ; CPU: 51.67% ; MEM: 4579.52 
iteration: 223 ; CPU: 52.98% ; MEM: 4531.01 
iteration: 224 ; CPU: 40.58% ; MEM: 4447.83 
iteration: 225 ; CPU: 27.77% ; MEM: 4347.36 
iteration: 226 ; CPU: 27.37% ; MEM: 4358.34 
iteration: 227 ; CPU: 27.54% ; MEM: 4358.85 
iteration: 228 ; CPU: 27.74% ; MEM: 4358.88 
iteration: 229 ; CPU: 37.99% ; MEM: 4314.26 
iteration: 230 ; CPU: 38.56% ; MEM: 4314.26 
iteration: 231 ; CPU: 39.12% ; MEM: 4314.32 
iteration: 232 ; CPU: 27.26% ; MEM: 4269.75 
iteration: 233 ; CPU: 27.40% ; MEM: 4269.75 
iteration: 234 ; CPU: 27.57% ; MEM: 4269.75 
iteration: 235 ; CPU: 27.73% ; MEM: 4269.75 
iteration: 236 ; CPU: 26.84% ; MEM: 4269.75 
iteration: 237 ; CPU: 26.97% ; MEM: 4269.75 
iteration: 238 ; CPU: 27.13% ; MEM: 4269.75 
iteration: 239 ; CPU: 27.30% ; MEM: 4269.75 
iteration: 240 ; CPU: 27.47% ; MEM: 4269.75 
iteration: 241 ; CPU: 27.68% ; MEM: 4269.75 
iteration: 242 ; CPU: 27.87% ; MEM: 4269.75 
iteration: 243 ; CPU: 26.95% ; MEM: 4269.75 
iteration: 244 ; CPU: 27.12% ; MEM: 4269.75 
iteration: 245 ; CPU: 27.24% ; MEM: 4269.75 
iteration: 246 ; CPU: 27.40% ; MEM: 4269.75 
iteration: 247 ; CPU: 27.58% ; MEM: 4269.75 
iteration: 248 ; CPU: 27.72% ; MEM: 4269.75 
iteration: 249 ; CPU: 27.89% ; MEM: 4269.75 
iteration: 250 ; CPU: 28.02% ; MEM: 4269.75 
iteration: 251 ; CPU: 27.17% ; MEM: 4269.75 
iteration: 252 ; CPU: 27.33% ; MEM: 4269.75 
iteration: 253 ; CPU: 27.44% ; MEM: 4269.75 
iteration: 254 ; CPU: 27.59% ; MEM: 4269.75 
iteration: 255 ; CPU: 27.73% ; MEM: 4269.75 
iteration: 256 ; CPU: 27.89% ; MEM: 4269.75 
iteration: 257 ; CPU: 28.00% ; MEM: 4269.75 
iteration: 258 ; CPU: 27.20% ; MEM: 4269.75 
iteration: 259 ; CPU: 27.30% ; MEM: 4269.75 
iteration: 260 ; CPU: 27.45% ; MEM: 4269.75 
iteration: 261 ; CPU: 27.62% ; MEM: 4269.75 
iteration: 262 ; CPU: 27.76% ; MEM: 4269.75 
iteration: 263 ; CPU: 27.91% ; MEM: 4269.75 
iteration: 264 ; CPU: 28.04% ; MEM: 4269.75 
iteration: 265 ; CPU: 27.21% ; MEM: 4269.75 
iteration: 266 ; CPU: 27.36% ; MEM: 4270.01 
iteration: 267 ; CPU: 27.47% ; MEM: 4270.01 
iteration: 268 ; CPU: 27.60% ; MEM: 4270.01 
iteration: 269 ; CPU: 27.75% ; MEM: 4270.01 
iteration: 270 ; CPU: 27.89% ; MEM: 4270.01 
iteration: 271 ; CPU: 27.99% ; MEM: 4270.01 
iteration: 272 ; CPU: 27.24% ; MEM: 4270.01 
iteration: 273 ; CPU: 27.37% ; MEM: 4270.01 
iteration: 274 ; CPU: 27.50% ; MEM: 4270.01 
iteration: 275 ; CPU: 27.62% ; MEM: 4270.01 
iteration: 276 ; CPU: 27.75% ; MEM: 4270.01 
iteration: 277 ; CPU: 27.86% ; MEM: 4270.27 
iteration: 278 ; CPU: 27.99% ; MEM: 4270.27 
iteration: 279 ; CPU: 27.24% ; MEM: 4270.27 
iteration: 280 ; CPU: 27.37% ; MEM: 4270.27 
iteration: 281 ; CPU: 27.46% ; MEM: 4270.27 
iteration: 282 ; CPU: 27.57% ; MEM: 4270.53 
iteration: 283 ; CPU: 27.68% ; MEM: 4270.53 
iteration: 284 ; CPU: 27.79% ; MEM: 4270.53 
iteration: 285 ; CPU: 27.93% ; MEM: 4270.53 
iteration: 286 ; CPU: 28.01% ; MEM: 4270.53 
iteration: 287 ; CPU: 27.29% ; MEM: 4270.53 
iteration: 288 ; CPU: 27.42% ; MEM: 4270.53 
iteration: 289 ; CPU: 27.54% ; MEM: 4270.53 
iteration: 290 ; CPU: 27.64% ; MEM: 4270.53 
iteration: 291 ; CPU: 27.76% ; MEM: 4270.53 
iteration: 292 ; CPU: 27.86% ; MEM: 4270.53 
iteration: 293 ; CPU: 27.99% ; MEM: 4270.53 
iteration: 294 ; CPU: 27.27% ; MEM: 4270.53 
iteration: 295 ; CPU: 27.38% ; MEM: 4270.53 
iteration: 296 ; CPU: 27.48% ; MEM: 4270.53 
iteration: 297 ; CPU: 27.60% ; MEM: 4270.78 
iteration: 298 ; CPU: 27.72% ; MEM: 4270.78 
iteration: 299 ; CPU: 27.82% ; MEM: 4270.78 
iteration: 300 ; CPU: 27.95% ; MEM: 4271.23 
iteration: 301 ; CPU: 27.24% ; MEM: 4271.23 
iteration: 302 ; CPU: 27.32% ; MEM: 4271.48 
iteration: 303 ; CPU: 27.44% ; MEM: 4271.48 
iteration: 304 ; CPU: 27.56% ; MEM: 4271.48 
iteration: 305 ; CPU: 27.65% ; MEM: 4271.48 
iteration: 306 ; CPU: 27.77% ; MEM: 4271.48 
iteration: 307 ; CPU: 27.86% ; MEM: 4271.48 
iteration: 308 ; CPU: 27.98% ; MEM: 4271.48 
iteration: 309 ; CPU: 27.31% ; MEM: 4271.48 
iteration: 310 ; CPU: 27.45% ; MEM: 4271.48 
iteration: 311 ; CPU: 27.53% ; MEM: 4271.48 
iteration: 312 ; CPU: 27.65% ; MEM: 4271.48 
iteration: 313 ; CPU: 27.75% ; MEM: 4271.48 
iteration: 314 ; CPU: 27.88% ; MEM: 4271.48 
iteration: 315 ; CPU: 27.99% ; MEM: 4271.74 
iteration: 316 ; CPU: 27.35% ; MEM: 4271.74 
iteration: 317 ; CPU: 27.43% ; MEM: 4271.74 
iteration: 318 ; CPU: 27.54% ; MEM: 4271.74 
iteration: 319 ; CPU: 27.66% ; MEM: 4271.74 
iteration: 320 ; CPU: 27.75% ; MEM: 4271.74 
iteration: 321 ; CPU: 27.87% ; MEM: 4271.74 
iteration: 322 ; CPU: 27.97% ; MEM: 4271.74 
iteration: 323 ; CPU: 27.31% ; MEM: 4272.00 
iteration: 324 ; CPU: 27.44% ; MEM: 4272.00 
iteration: 325 ; CPU: 27.55% ; MEM: 4272.00 
iteration: 326 ; CPU: 27.64% ; MEM: 4272.00 
iteration: 327 ; CPU: 27.73% ; MEM: 4272.00 
iteration: 328 ; CPU: 27.81% ; MEM: 4272.00 
iteration: 329 ; CPU: 27.94% ; MEM: 4272.00 
iteration: 330 ; CPU: 27.33% ; MEM: 4272.00 
iteration: 331 ; CPU: 27.44% ; MEM: 4272.00 
iteration: 332 ; CPU: 27.53% ; MEM: 4272.18 
iteration: 333 ; CPU: 27.64% ; MEM: 4278.37 
iteration: 334 ; CPU: 27.73% ; MEM: 4278.37 
iteration: 335 ; CPU: 27.84% ; MEM: 4278.37 
iteration: 336 ; CPU: 27.94% ; MEM: 4278.37 
iteration: 337 ; CPU: 28.05% ; MEM: 4278.37 
iteration: 338 ; CPU: 27.45% ; MEM: 4278.37 
iteration: 339 ; CPU: 27.55% ; MEM: 4278.37 
iteration: 340 ; CPU: 27.63% ; MEM: 4278.37 
iteration: 341 ; CPU: 27.73% ; MEM: 4278.37 
iteration: 342 ; CPU: 27.83% ; MEM: 4278.37 
iteration: 343 ; CPU: 27.94% ; MEM: 4278.37 
iteration: 344 ; CPU: 28.08% ; MEM: 4278.37 
iteration: 345 ; CPU: 27.45% ; MEM: 4278.37 
iteration: 346 ; CPU: 27.58% ; MEM: 4278.37 
iteration: 347 ; CPU: 27.65% ; MEM: 4278.37 
iteration: 348 ; CPU: 27.79% ; MEM: 4278.37 
iteration: 349 ; CPU: 27.86% ; MEM: 4278.37 
iteration: 350 ; CPU: 28.01% ; MEM: 4278.37 
iteration: 351 ; CPU: 28.14% ; MEM: 4278.37 
iteration: 352 ; CPU: 27.55% ; MEM: 4278.37 
iteration: 353 ; CPU: 27.67% ; MEM: 4278.37 
iteration: 354 ; CPU: 27.78% ; MEM: 4278.37 
iteration: 355 ; CPU: 27.92% ; MEM: 4278.37 
iteration: 356 ; CPU: 28.05% ; MEM: 4278.37 
iteration: 357 ; CPU: 28.19% ; MEM: 4278.37 
iteration: 358 ; CPU: 27.62% ; MEM: 4278.37 
iteration: 359 ; CPU: 27.72% ; MEM: 4278.37 
iteration: 360 ; CPU: 27.80% ; MEM: 4278.37 
iteration: 361 ; CPU: 27.93% ; MEM: 4278.37 
iteration: 362 ; CPU: 28.02% ; MEM: 4278.37 
iteration: 363 ; CPU: 28.13% ; MEM: 4278.37 
iteration: 364 ; CPU: 28.26% ; MEM: 4336.12 
iteration: 365 ; CPU: 29.05% ; MEM: 4352.82 
iteration: 366 ; CPU: 30.05% ; MEM: 4368.94 
iteration: 367 ; CPU: 31.37% ; MEM: 4394.48 
iteration: 368 ; CPU: 32.80% ; MEM: 4414.53 
iteration: 369 ; CPU: 34.00% ; MEM: 4421.35 
iteration: 370 ; CPU: 36.80% ; MEM: 4481.96 
iteration: 371 ; CPU: 40.20% ; MEM: 4532.05 
iteration: 372 ; CPU: 34.06% ; MEM: 4535.86 
iteration: 373 ; CPU: 35.23% ; MEM: 4568.43 
iteration: 374 ; CPU: 36.84% ; MEM: 4575.84 
iteration: 375 ; CPU: 37.33% ; MEM: 4589.89 
iteration: 376 ; CPU: 37.69% ; MEM: 4598.37 
iteration: 377 ; CPU: 38.03% ; MEM: 4604.58 
iteration: 378 ; CPU: 34.55% ; MEM: 4602.46 
iteration: 379 ; CPU: 34.99% ; MEM: 4614.64 
iteration: 380 ; CPU: 35.32% ; MEM: 4617.07 
iteration: 381 ; CPU: 35.47% ; MEM: 4617.07 
iteration: 382 ; CPU: 35.62% ; MEM: 4618.78 
iteration: 383 ; CPU: 35.80% ; MEM: 4618.78 
iteration: 384 ; CPU: 36.00% ; MEM: 4619.12 
iteration: 385 ; CPU: 33.60% ; MEM: 4619.38 
iteration: 386 ; CPU: 34.11% ; MEM: 4623.57 
iteration: 387 ; CPU: 34.34% ; MEM: 4624.01 
iteration: 388 ; CPU: 34.55% ; MEM: 4634.41 
iteration: 389 ; CPU: 34.85% ; MEM: 4640.93 
iteration: 390 ; CPU: 35.16% ; MEM: 4642.51 
iteration: 391 ; CPU: 35.44% ; MEM: 4642.59 
iteration: 392 ; CPU: 33.61% ; MEM: 4658.14 
iteration: 393 ; CPU: 33.75% ; MEM: 4658.27 
iteration: 394 ; CPU: 33.90% ; MEM: 4658.27 
iteration: 395 ; CPU: 34.05% ; MEM: 4658.34 
iteration: 396 ; CPU: 34.18% ; MEM: 4658.39 
iteration: 397 ; CPU: 34.33% ; MEM: 4658.39 
iteration: 398 ; CPU: 34.44% ; MEM: 4654.05 
iteration: 399 ; CPU: 33.06% ; MEM: 4654.05 
iteration: 400 ; CPU: 33.19% ; MEM: 4655.72 
iteration: 401 ; CPU: 33.33% ; MEM: 4655.72 
iteration: 402 ; CPU: 33.43% ; MEM: 4655.72 
iteration: 403 ; CPU: 33.56% ; MEM: 4655.72 
iteration: 404 ; CPU: 33.66% ; MEM: 4655.72 
iteration: 405 ; CPU: 33.87% ; MEM: 4664.48 
iteration: 406 ; CPU: 32.76% ; MEM: 4666.03 
iteration: 407 ; CPU: 32.89% ; MEM: 4666.16 
iteration: 408 ; CPU: 33.03% ; MEM: 4666.42 
iteration: 409 ; CPU: 33.14% ; MEM: 4666.42 
iteration: 410 ; CPU: 33.25% ; MEM: 4666.42 
iteration: 411 ; CPU: 33.35% ; MEM: 4666.42 
iteration: 412 ; CPU: 33.47% ; MEM: 4666.42 
iteration: 413 ; CPU: 32.44% ; MEM: 4666.42 
iteration: 414 ; CPU: 32.57% ; MEM: 4666.42 
iteration: 415 ; CPU: 32.65% ; MEM: 4666.42 
iteration: 416 ; CPU: 32.75% ; MEM: 4666.42 
iteration: 417 ; CPU: 32.87% ; MEM: 4666.42 
iteration: 418 ; CPU: 32.97% ; MEM: 4666.42 
iteration: 419 ; CPU: 33.08% ; MEM: 4666.42 
iteration: 420 ; CPU: 32.21% ; MEM: 4666.42 
iteration: 421 ; CPU: 32.32% ; MEM: 4666.42 
iteration: 422 ; CPU: 32.45% ; MEM: 4666.42 
iteration: 423 ; CPU: 32.54% ; MEM: 4666.42 
iteration: 424 ; CPU: 32.66% ; MEM: 4666.42 
iteration: 425 ; CPU: 32.74% ; MEM: 4666.42 
iteration: 426 ; CPU: 31.95% ; MEM: 4666.42 
iteration: 427 ; CPU: 32.06% ; MEM: 4673.99 
iteration: 428 ; CPU: 32.17% ; MEM: 4673.99 
iteration: 429 ; CPU: 32.26% ; MEM: 4673.99 
iteration: 430 ; CPU: 32.40% ; MEM: 4673.99 
iteration: 431 ; CPU: 32.46% ; MEM: 4679.31 
iteration: 432 ; CPU: 32.60% ; MEM: 4684.87 
iteration: 433 ; CPU: 31.82% ; MEM: 4684.87 
iteration: 434 ; CPU: 31.95% ; MEM: 4684.87 
iteration: 435 ; CPU: 32.03% ; MEM: 4684.87 
iteration: 436 ; CPU: 32.15% ; MEM: 4684.87 
iteration: 437 ; CPU: 32.21% ; MEM: 4684.87 
iteration: 438 ; CPU: 32.34% ; MEM: 4684.87 
iteration: 439 ; CPU: 32.43% ; MEM: 4684.87 
iteration: 440 ; CPU: 31.74% ; MEM: 4684.87 
iteration: 441 ; CPU: 31.82% ; MEM: 4684.87 
iteration: 442 ; CPU: 31.94% ; MEM: 4685.08 
iteration: 443 ; CPU: 32.00% ; MEM: 4685.08 
iteration: 444 ; CPU: 32.10% ; MEM: 4685.08 
iteration: 445 ; CPU: 32.19% ; MEM: 4685.08 
iteration: 446 ; CPU: 32.26% ; MEM: 4685.28 
iteration: 447 ; CPU: 31.60% ; MEM: 4685.28 
iteration: 448 ; CPU: 31.72% ; MEM: 4685.28 
iteration: 449 ; CPU: 31.80% ; MEM: 4685.28 
iteration: 450 ; CPU: 31.89% ; MEM: 4685.28 
iteration: 451 ; CPU: 31.96% ; MEM: 4685.28 
iteration: 452 ; CPU: 32.05% ; MEM: 4685.28 
iteration: 453 ; CPU: 32.14% ; MEM: 4685.28 
iteration: 454 ; CPU: 31.52% ; MEM: 4685.41 
iteration: 455 ; CPU: 31.60% ; MEM: 4685.41 
iteration: 456 ; CPU: 31.67% ; MEM: 4685.41 
iteration: 457 ; CPU: 31.77% ; MEM: 4685.41 
iteration: 458 ; CPU: 31.85% ; MEM: 4685.41 
iteration: 459 ; CPU: 31.95% ; MEM: 4685.41 
iteration: 460 ; CPU: 31.36% ; MEM: 4685.41 
iteration: 461 ; CPU: 31.43% ; MEM: 4685.41 
iteration: 462 ; CPU: 31.50% ; MEM: 4685.41 
iteration: 463 ; CPU: 31.59% ; MEM: 4685.41 
iteration: 464 ; CPU: 31.66% ; MEM: 4685.41 
iteration: 465 ; CPU: 31.78% ; MEM: 4685.41 
iteration: 466 ; CPU: 31.83% ; MEM: 4685.41 
iteration: 467 ; CPU: 31.29% ; MEM: 4675.70 
iteration: 468 ; CPU: 31.37% ; MEM: 4675.70 
iteration: 469 ; CPU: 31.45% ; MEM: 4675.70 
iteration: 470 ; CPU: 31.52% ; MEM: 4675.70 
iteration: 471 ; CPU: 31.64% ; MEM: 4675.70 
iteration: 472 ; CPU: 31.70% ; MEM: 4675.70 
iteration: 473 ; CPU: 31.84% ; MEM: 4675.70 
iteration: 474 ; CPU: 31.29% ; MEM: 4675.70 
iteration: 475 ; CPU: 31.33% ; MEM: 4675.70 
iteration: 476 ; CPU: 31.42% ; MEM: 4675.70 
iteration: 477 ; CPU: 31.51% ; MEM: 4675.70 
iteration: 478 ; CPU: 31.57% ; MEM: 4675.70 
iteration: 479 ; CPU: 31.69% ; MEM: 4675.70 
iteration: 480 ; CPU: 31.75% ; MEM: 4675.70 
iteration: 481 ; CPU: 31.21% ; MEM: 4675.70 
iteration: 482 ; CPU: 31.29% ; MEM: 4675.70 
iteration: 483 ; CPU: 31.37% ; MEM: 4675.76 
iteration: 484 ; CPU: 31.44% ; MEM: 4675.76 
iteration: 485 ; CPU: 31.57% ; MEM: 4675.76 
iteration: 486 ; CPU: 31.64% ; MEM: 4675.76 
iteration: 487 ; CPU: 31.71% ; MEM: 4675.76 
iteration: 488 ; CPU: 31.20% ; MEM: 4675.76 
iteration: 489 ; CPU: 31.29% ; MEM: 4675.76 
iteration: 490 ; CPU: 31.36% ; MEM: 4675.76 
iteration: 491 ; CPU: 31.47% ; MEM: 4675.76 
iteration: 492 ; CPU: 31.53% ; MEM: 4675.76 
iteration: 493 ; CPU: 31.61% ; MEM: 4675.76 
iteration: 494 ; CPU: 31.13% ; MEM: 4675.76 
iteration: 495 ; CPU: 31.22% ; MEM: 4675.76 
iteration: 496 ; CPU: 31.30% ; MEM: 4675.76 
iteration: 497 ; CPU: 31.39% ; MEM: 4675.76 
iteration: 498 ; CPU: 31.44% ; MEM: 4675.76 
iteration: 499 ; CPU: 31.51% ; MEM: 4675.76 
iteration: 500 ; CPU: 31.61% ; MEM: 4675.76 
iteration: 501 ; CPU: 31.11% ; MEM: 4675.76 
iteration: 502 ; CPU: 31.18% ; MEM: 4675.76 
iteration: 503 ; CPU: 31.28% ; MEM: 4675.76 
iteration: 504 ; CPU: 31.35% ; MEM: 4675.76 
iteration: 505 ; CPU: 31.45% ; MEM: 4675.76 
iteration: 506 ; CPU: 31.50% ; MEM: 4675.76 
iteration: 507 ; CPU: 31.55% ; MEM: 4675.76 
iteration: 508 ; CPU: 31.09% ; MEM: 4675.76 
iteration: 509 ; CPU: 31.18% ; MEM: 4675.76 
iteration: 510 ; CPU: 31.23% ; MEM: 4675.76 
iteration: 511 ; CPU: 31.33% ; MEM: 4676.01 
iteration: 512 ; CPU: 31.41% ; MEM: 4678.85 
iteration: 513 ; CPU: 31.50% ; MEM: 4678.85 
iteration: 514 ; CPU: 31.05% ; MEM: 4678.85 
iteration: 515 ; CPU: 31.13% ; MEM: 4678.85 
iteration: 516 ; CPU: 31.19% ; MEM: 4678.85 
iteration: 517 ; CPU: 31.30% ; MEM: 4678.85 
iteration: 518 ; CPU: 31.35% ; MEM: 4678.85 
iteration: 519 ; CPU: 31.41% ; MEM: 4678.85 
iteration: 520 ; CPU: 31.51% ; MEM: 4678.85 
iteration: 521 ; CPU: 31.06% ; MEM: 4678.85 
iteration: 522 ; CPU: 31.11% ; MEM: 4678.85 
iteration: 523 ; CPU: 31.22% ; MEM: 4678.85 
iteration: 524 ; CPU: 31.29% ; MEM: 4678.85 
iteration: 525 ; CPU: 31.39% ; MEM: 4678.85 
iteration: 526 ; CPU: 31.46% ; MEM: 4678.85 
iteration: 527 ; CPU: 31.01% ; MEM: 4678.85 
iteration: 528 ; CPU: 31.08% ; MEM: 4678.85 
iteration: 529 ; CPU: 31.19% ; MEM: 4678.85 
iteration: 530 ; CPU: 31.24% ; MEM: 4678.85 
iteration: 531 ; CPU: 31.33% ; MEM: 4678.85 
iteration: 532 ; CPU: 31.39% ; MEM: 4678.85 
iteration: 533 ; CPU: 31.44% ; MEM: 4678.85 
iteration: 534 ; CPU: 31.01% ; MEM: 4678.85 
iteration: 535 ; CPU: 31.10% ; MEM: 4678.85 
iteration: 536 ; CPU: 31.16% ; MEM: 4678.87 
iteration: 537 ; CPU: 31.26% ; MEM: 4678.87 
iteration: 538 ; CPU: 31.32% ; MEM: 4678.87 
iteration: 539 ; CPU: 31.38% ; MEM: 4679.12 
iteration: 540 ; CPU: 31.45% ; MEM: 4679.12 
iteration: 541 ; CPU: 31.05% ; MEM: 4679.12 
iteration: 542 ; CPU: 31.12% ; MEM: 4679.12 
iteration: 543 ; CPU: 31.21% ; MEM: 4679.12 
iteration: 544 ; CPU: 31.26% ; MEM: 4679.12 
iteration: 545 ; CPU: 31.32% ; MEM: 4679.12 
iteration: 546 ; CPU: 31.43% ; MEM: 4679.12 
iteration: 547 ; CPU: 31.01% ; MEM: 4679.10 
iteration: 548 ; CPU: 31.06% ; MEM: 4679.10 
iteration: 549 ; CPU: 31.16% ; MEM: 4679.10 
iteration: 550 ; CPU: 31.21% ; MEM: 4679.10 
iteration: 551 ; CPU: 31.27% ; MEM: 4679.10 
iteration: 552 ; CPU: 31.36% ; MEM: 4679.10 
iteration: 553 ; CPU: 31.41% ; MEM: 4679.10 
iteration: 554 ; CPU: 31.00% ; MEM: 4679.10 
iteration: 555 ; CPU: 31.09% ; MEM: 4679.10 
iteration: 556 ; CPU: 31.16% ; MEM: 4679.10 
iteration: 557 ; CPU: 31.26% ; MEM: 4679.10 
iteration: 558 ; CPU: 31.31% ; MEM: 4679.10 
iteration: 559 ; CPU: 31.38% ; MEM: 4679.10 
iteration: 560 ; CPU: 31.48% ; MEM: 4679.10 
iteration: 561 ; CPU: 31.08% ; MEM: 4679.10 
iteration: 562 ; CPU: 31.14% ; MEM: 4679.10 
iteration: 563 ; CPU: 31.24% ; MEM: 4679.10 
iteration: 564 ; CPU: 31.30% ; MEM: 4679.61 
iteration: 565 ; CPU: 31.34% ; MEM: 4679.61 
iteration: 566 ; CPU: 31.43% ; MEM: 4679.61 
iteration: 567 ; CPU: 31.03% ; MEM: 4679.61 
iteration: 568 ; CPU: 31.09% ; MEM: 4679.61 
iteration: 569 ; CPU: 31.17% ; MEM: 4679.61 
iteration: 570 ; CPU: 31.22% ; MEM: 4679.61 
iteration: 571 ; CPU: 31.27% ; MEM: 4679.61 
iteration: 572 ; CPU: 31.36% ; MEM: 4679.61 
iteration: 573 ; CPU: 31.42% ; MEM: 4679.61 
iteration: 574 ; CPU: 31.02% ; MEM: 4679.61 
iteration: 575 ; CPU: 31.11% ; MEM: 4679.61 
iteration: 576 ; CPU: 31.16% ; MEM: 4679.61 
iteration: 577 ; CPU: 31.23% ; MEM: 4679.72 
iteration: 578 ; CPU: 31.32% ; MEM: 4679.72 
iteration: 579 ; CPU: 31.39% ; MEM: 4679.72 
iteration: 580 ; CPU: 30.99% ; MEM: 4679.72 
iteration: 581 ; CPU: 31.07% ; MEM: 4679.72 
iteration: 582 ; CPU: 31.13% ; MEM: 4679.72 
iteration: 583 ; CPU: 31.24% ; MEM: 4679.72 
iteration: 584 ; CPU: 31.30% ; MEM: 4679.72 
iteration: 585 ; CPU: 31.36% ; MEM: 4679.72 
iteration: 586 ; CPU: 31.45% ; MEM: 4679.72 
iteration: 587 ; CPU: 31.07% ; MEM: 4679.72 
iteration: 588 ; CPU: 31.11% ; MEM: 4679.84 
iteration: 589 ; CPU: 31.21% ; MEM: 4679.84 
iteration: 590 ; CPU: 31.27% ; MEM: 4679.84 
iteration: 591 ; CPU: 31.30% ; MEM: 4679.84 
iteration: 592 ; CPU: 31.40% ; MEM: 4679.84 
iteration: 593 ; CPU: 31.45% ; MEM: 4679.84 
iteration: 594 ; CPU: 31.05% ; MEM: 4679.84 
iteration: 595 ; CPU: 31.12% ; MEM: 4679.84 
iteration: 596 ; CPU: 31.18% ; MEM: 4679.84 
iteration: 597 ; CPU: 31.24% ; MEM: 4679.84 
iteration: 598 ; CPU: 31.31% ; MEM: 4679.94 
iteration: 599 ; CPU: 31.36% ; MEM: 4679.94 
iteration: 600 ; CPU: 30.98% ; MEM: 4679.94 
iteration: 601 ; CPU: 31.05% ; MEM: 4679.94 
iteration: 602 ; CPU: 31.11% ; MEM: 4679.94 
iteration: 603 ; CPU: 31.15% ; MEM: 4679.94 
iteration: 604 ; CPU: 31.21% ; MEM: 4679.94 
iteration: 605 ; CPU: 31.28% ; MEM: 4679.99 
iteration: 606 ; CPU: 31.35% ; MEM: 4679.99 
iteration: 607 ; CPU: 30.95% ; MEM: 4679.99 
iteration: 608 ; CPU: 31.04% ; MEM: 4679.99 
iteration: 609 ; CPU: 31.09% ; MEM: 4679.99 
iteration: 610 ; CPU: 31.15% ; MEM: 4679.99 
iteration: 611 ; CPU: 31.25% ; MEM: 4680.13 
iteration: 612 ; CPU: 31.30% ; MEM: 4680.13 
iteration: 613 ; CPU: 31.35% ; MEM: 4680.13 
iteration: 614 ; CPU: 31.03% ; MEM: 4680.13 
iteration: 615 ; CPU: 31.06% ; MEM: 4680.13 
iteration: 616 ; CPU: 31.17% ; MEM: 4680.13 
iteration: 617 ; CPU: 31.21% ; MEM: 4680.13 
iteration: 618 ; CPU: 31.26% ; MEM: 4680.13 
iteration: 619 ; CPU: 31.30% ; MEM: 4680.13 
iteration: 620 ; CPU: 30.98% ; MEM: 4680.13 
iteration: 621 ; CPU: 31.03% ; MEM: 4680.13 
iteration: 622 ; CPU: 31.08% ; MEM: 4680.13 
iteration: 623 ; CPU: 31.16% ; MEM: 4680.13 
iteration: 624 ; CPU: 31.20% ; MEM: 4680.13 
iteration: 625 ; CPU: 31.24% ; MEM: 4680.13 
iteration: 626 ; CPU: 31.31% ; MEM: 4680.13 
iteration: 627 ; CPU: 30.95% ; MEM: 4680.13 
iteration: 628 ; CPU: 30.99% ; MEM: 4680.13 
iteration: 629 ; CPU: 31.06% ; MEM: 4680.13 
iteration: 630 ; CPU: 31.12% ; MEM: 4680.13 
iteration: 631 ; CPU: 31.16% ; MEM: 4680.13 
iteration: 632 ; CPU: 31.22% ; MEM: 4680.13 
iteration: 633 ; CPU: 31.29% ; MEM: 4680.13 
iteration: 634 ; CPU: 30.93% ; MEM: 4680.13 
iteration: 635 ; CPU: 31.02% ; MEM: 4680.13 
iteration: 636 ; CPU: 31.09% ; MEM: 4680.13 
iteration: 637 ; CPU: 31.12% ; MEM: 4680.13 
iteration: 638 ; CPU: 31.20% ; MEM: 4680.13 
iteration: 639 ; CPU: 31.25% ; MEM: 4680.13 
iteration: 640 ; CPU: 31.31% ; MEM: 4680.13 
iteration: 641 ; CPU: 30.97% ; MEM: 4680.13 
iteration: 642 ; CPU: 31.03% ; MEM: 4680.13 
iteration: 643 ; CPU: 31.08% ; MEM: 4680.13 
iteration: 644 ; CPU: 31.11% ; MEM: 4680.13 
iteration: 645 ; CPU: 31.19% ; MEM: 4680.13 
iteration: 646 ; CPU: 31.26% ; MEM: 4680.13 
iteration: 647 ; CPU: 30.94% ; MEM: 4680.13 
iteration: 648 ; CPU: 31.00% ; MEM: 4680.13 
iteration: 649 ; CPU: 31.04% ; MEM: 4680.13 
iteration: 650 ; CPU: 31.07% ; MEM: 4680.13 
iteration: 651 ; CPU: 31.17% ; MEM: 4680.13 
iteration: 652 ; CPU: 31.22% ; MEM: 4680.13 
iteration: 653 ; CPU: 31.28% ; MEM: 4680.13 
iteration: 654 ; CPU: 30.96% ; MEM: 4680.13 
iteration: 655 ; CPU: 31.00% ; MEM: 4680.13 
iteration: 656 ; CPU: 31.04% ; MEM: 4680.13 
iteration: 657 ; CPU: 31.13% ; MEM: 4680.13 
iteration: 658 ; CPU: 31.18% ; MEM: 4680.13 
iteration: 659 ; CPU: 31.23% ; MEM: 4680.13 
iteration: 660 ; CPU: 31.31% ; MEM: 4680.13 
iteration: 661 ; CPU: 30.98% ; MEM: 4680.13 
iteration: 662 ; CPU: 31.05% ; MEM: 4680.13 
iteration: 663 ; CPU: 31.11% ; MEM: 4680.13 
iteration: 664 ; CPU: 31.17% ; MEM: 4680.13 
iteration: 665 ; CPU: 31.21% ; MEM: 4680.13 
iteration: 666 ; CPU: 31.28% ; MEM: 4680.13 
iteration: 667 ; CPU: 30.97% ; MEM: 4680.13 
iteration: 668 ; CPU: 31.04% ; MEM: 4680.13 
iteration: 669 ; CPU: 31.09% ; MEM: 4680.13 
iteration: 670 ; CPU: 31.14% ; MEM: 4680.13 
iteration: 671 ; CPU: 31.17% ; MEM: 4680.13 
iteration: 672 ; CPU: 31.25% ; MEM: 4680.26 
iteration: 673 ; CPU: 31.31% ; MEM: 4680.26 
iteration: 674 ; CPU: 30.98% ; MEM: 4680.26 
iteration: 675 ; CPU: 31.05% ; MEM: 4680.26 
iteration: 676 ; CPU: 31.10% ; MEM: 4680.26 
iteration: 677 ; CPU: 31.15% ; MEM: 4680.26 
iteration: 678 ; CPU: 31.23% ; MEM: 4680.26 
iteration: 679 ; CPU: 31.28% ; MEM: 4680.26 
iteration: 680 ; CPU: 31.34% ; MEM: 4680.26 
iteration: 681 ; CPU: 31.05% ; MEM: 4680.26 
iteration: 682 ; CPU: 31.08% ; MEM: 4680.26 
iteration: 683 ; CPU: 31.12% ; MEM: 4680.26 
iteration: 684 ; CPU: 31.20% ; MEM: 4680.26 
iteration: 685 ; CPU: 31.26% ; MEM: 4680.26 
iteration: 686 ; CPU: 31.31% ; MEM: 4680.26 
iteration: 687 ; CPU: 31.00% ; MEM: 4680.26 
iteration: 688 ; CPU: 31.06% ; MEM: 4680.26 
iteration: 689 ; CPU: 31.10% ; MEM: 4680.26 
iteration: 690 ; CPU: 31.17% ; MEM: 4680.26 
iteration: 691 ; CPU: 31.22% ; MEM: 4680.38 
iteration: 692 ; CPU: 31.27% ; MEM: 4680.38 
iteration: 693 ; CPU: 31.32% ; MEM: 4680.38 
iteration: 694 ; CPU: 31.03% ; MEM: 4680.38 
iteration: 695 ; CPU: 31.08% ; MEM: 4680.38 
iteration: 696 ; CPU: 31.15% ; MEM: 4680.38 
iteration: 697 ; CPU: 31.20% ; MEM: 4680.38 
iteration: 698 ; CPU: 31.24% ; MEM: 4680.38 
iteration: 699 ; CPU: 31.28% ; MEM: 4680.38 
iteration: 700 ; CPU: 31.36% ; MEM: 4680.38 
iteration: 701 ; CPU: 31.01% ; MEM: 4680.38 
iteration: 702 ; CPU: 31.05% ; MEM: 4680.38 
iteration: 703 ; CPU: 31.13% ; MEM: 4680.38 
iteration: 704 ; CPU: 31.18% ; MEM: 4680.38 
iteration: 705 ; CPU: 31.21% ; MEM: 4680.38 
iteration: 706 ; CPU: 31.25% ; MEM: 4680.38 
iteration: 707 ; CPU: 31.32% ; MEM: 4680.38 
iteration: 708 ; CPU: 31.02% ; MEM: 4680.38 
iteration: 709 ; CPU: 31.08% ; MEM: 4680.38 
iteration: 710 ; CPU: 31.10% ; MEM: 4680.38 
iteration: 711 ; CPU: 31.16% ; MEM: 4680.38 
iteration: 712 ; CPU: 31.20% ; MEM: 4680.37 
iteration: 713 ; CPU: 31.28% ; MEM: 4680.37 
iteration: 714 ; CPU: 31.31% ; MEM: 4680.37 
iteration: 715 ; CPU: 30.99% ; MEM: 4680.37 
iteration: 716 ; CPU: 31.05% ; MEM: 4680.37 
iteration: 717 ; CPU: 31.10% ; MEM: 4680.37 
iteration: 718 ; CPU: 31.15% ; MEM: 4680.37 
iteration: 719 ; CPU: 31.22% ; MEM: 4680.37 
iteration: 720 ; CPU: 31.27% ; MEM: 4680.37 
iteration: 721 ; CPU: 31.32% ; MEM: 4680.37 
iteration: 722 ; CPU: 31.03% ; MEM: 4680.37 
iteration: 723 ; CPU: 31.08% ; MEM: 4680.37 
iteration: 724 ; CPU: 31.13% ; MEM: 4680.37 
iteration: 725 ; CPU: 31.17% ; MEM: 4680.37 
iteration: 726 ; CPU: 31.25% ; MEM: 4680.37 
iteration: 727 ; CPU: 31.28% ; MEM: 4680.37 
iteration: 728 ; CPU: 30.99% ; MEM: 4680.37 
iteration: 729 ; CPU: 31.02% ; MEM: 4680.37 
iteration: 730 ; CPU: 31.07% ; MEM: 4680.37 
iteration: 731 ; CPU: 31.12% ; MEM: 4680.37 
iteration: 732 ; CPU: 31.20% ; MEM: 4680.37 
iteration: 733 ; CPU: 31.24% ; MEM: 4680.37 
iteration: 734 ; CPU: 31.28% ; MEM: 4680.37 
iteration: 735 ; CPU: 30.99% ; MEM: 4680.37 
iteration: 736 ; CPU: 31.03% ; MEM: 4680.37 
iteration: 737 ; CPU: 31.08% ; MEM: 4680.37 
iteration: 738 ; CPU: 31.14% ; MEM: 4680.37 
iteration: 739 ; CPU: 31.19% ; MEM: 4680.37 
iteration: 740 ; CPU: 31.22% ; MEM: 4680.37 
iteration: 741 ; CPU: 31.26% ; MEM: 4680.37 
iteration: 742 ; CPU: 31.00% ; MEM: 4680.37 
iteration: 743 ; CPU: 31.04% ; MEM: 4680.37 
iteration: 744 ; CPU: 31.09% ; MEM: 4680.37 
iteration: 745 ; CPU: 31.17% ; MEM: 4680.37 
iteration: 746 ; CPU: 31.20% ; MEM: 4680.37 
iteration: 747 ; CPU: 31.25% ; MEM: 4680.37 
iteration: 748 ; CPU: 31.28% ; MEM: 4680.37 
iteration: 749 ; CPU: 31.00% ; MEM: 4680.37 
iteration: 750 ; CPU: 31.04% ; MEM: 4680.37 
iteration: 751 ; CPU: 31.13% ; MEM: 4680.37 
iteration: 752 ; CPU: 31.15% ; MEM: 4680.37 
iteration: 753 ; CPU: 31.18% ; MEM: 4680.37 
iteration: 754 ; CPU: 31.22% ; MEM: 4680.37 
iteration: 755 ; CPU: 30.97% ; MEM: 4680.37 
iteration: 756 ; CPU: 31.01% ; MEM: 4680.37 
iteration: 757 ; CPU: 31.08% ; MEM: 4680.37 
iteration: 758 ; CPU: 31.13% ; MEM: 4680.37 
iteration: 759 ; CPU: 31.17% ; MEM: 4680.37 
iteration: 760 ; CPU: 31.20% ; MEM: 4680.37 
iteration: 761 ; CPU: 31.28% ; MEM: 4680.37 
iteration: 762 ; CPU: 31.01% ; MEM: 4680.37 
iteration: 763 ; CPU: 31.07% ; MEM: 4680.37 
iteration: 764 ; CPU: 31.10% ; MEM: 4680.37 
iteration: 765 ; CPU: 31.15% ; MEM: 4680.37 
iteration: 766 ; CPU: 31.18% ; MEM: 4680.37 
iteration: 767 ; CPU: 31.26% ; MEM: 4680.37 
iteration: 768 ; CPU: 31.30% ; MEM: 4680.37 
iteration: 769 ; CPU: 31.04% ; MEM: 4680.37 
iteration: 770 ; CPU: 31.06% ; MEM: 4680.37 
iteration: 771 ; CPU: 31.10% ; MEM: 4680.37 
iteration: 772 ; CPU: 31.14% ; MEM: 4680.37 
iteration: 773 ; CPU: 31.21% ; MEM: 4680.37 
iteration: 774 ; CPU: 31.27% ; MEM: 4680.37 
iteration: 775 ; CPU: 31.02% ; MEM: 4680.37 
iteration: 776 ; CPU: 31.05% ; MEM: 4680.37 
iteration: 777 ; CPU: 31.09% ; MEM: 4680.71 
iteration: 778 ; CPU: 31.13% ; MEM: 4680.71 
iteration: 779 ; CPU: 31.20% ; MEM: 4680.71 
iteration: 780 ; CPU: 31.25% ; MEM: 4680.71 
iteration: 781 ; CPU: 31.29% ; MEM: 4680.71 
iteration: 782 ; CPU: 31.01% ; MEM: 4680.71 
iteration: 783 ; CPU: 31.06% ; MEM: 4680.71 
iteration: 784 ; CPU: 31.11% ; MEM: 4680.71 
iteration: 785 ; CPU: 31.19% ; MEM: 4680.71 
iteration: 786 ; CPU: 31.22% ; MEM: 4680.71 
iteration: 787 ; CPU: 31.26% ; MEM: 4680.71 
iteration: 788 ; CPU: 31.30% ; MEM: 4680.71 
iteration: 789 ; CPU: 31.05% ; MEM: 4680.71 
iteration: 790 ; CPU: 31.08% ; MEM: 4680.71 
iteration: 791 ; CPU: 31.12% ; MEM: 4680.70 
iteration: 792 ; CPU: 31.20% ; MEM: 4680.70 
iteration: 793 ; CPU: 31.24% ; MEM: 4680.70 
iteration: 794 ; CPU: 31.28% ; MEM: 4680.70 
iteration: 795 ; CPU: 31.01% ; MEM: 4680.70 
iteration: 796 ; CPU: 31.07% ; MEM: 4680.70 
iteration: 797 ; CPU: 31.11% ; MEM: 4680.70 
iteration: 798 ; CPU: 31.18% ; MEM: 4680.70 
iteration: 799 ; CPU: 31.23% ; MEM: 4680.70 
iteration: 800 ; CPU: 31.26% ; MEM: 4680.70 
iteration: 801 ; CPU: 31.34% ; MEM: 4680.70 
iteration: 802 ; CPU: 31.06% ; MEM: 4680.70 
iteration: 803 ; CPU: 31.13% ; MEM: 4680.70 
iteration: 804 ; CPU: 31.16% ; MEM: 4680.70 
iteration: 805 ; CPU: 31.20% ; MEM: 4680.70 
iteration: 806 ; CPU: 31.24% ; MEM: 4680.70 
iteration: 807 ; CPU: 31.28% ; MEM: 4680.70 
iteration: 808 ; CPU: 31.35% ; MEM: 4680.70 
iteration: 809 ; CPU: 31.08% ; MEM: 4680.70 
iteration: 810 ; CPU: 31.15% ; MEM: 4680.70 
iteration: 811 ; CPU: 31.19% ; MEM: 4680.70 
iteration: 812 ; CPU: 31.22% ; MEM: 4680.70 
iteration: 813 ; CPU: 31.25% ; MEM: 4680.70 
iteration: 814 ; CPU: 31.32% ; MEM: 4680.70 
iteration: 815 ; CPU: 31.03% ; MEM: 4680.70 
iteration: 816 ; CPU: 31.11% ; MEM: 4680.70 
iteration: 817 ; CPU: 31.15% ; MEM: 4680.70 
iteration: 818 ; CPU: 31.18% ; MEM: 4680.70 
iteration: 819 ; CPU: 31.21% ; MEM: 4680.76 
iteration: 820 ; CPU: 31.27% ; MEM: 4680.76 
iteration: 821 ; CPU: 31.31% ; MEM: 4680.76 
iteration: 822 ; CPU: 31.07% ; MEM: 4680.76 
iteration: 823 ; CPU: 31.10% ; MEM: 4680.76 
iteration: 824 ; CPU: 31.13% ; MEM: 4680.76 
iteration: 825 ; CPU: 31.16% ; MEM: 4680.76 
iteration: 826 ; CPU: 31.23% ; MEM: 4680.76 
iteration: 827 ; CPU: 31.27% ; MEM: 4682.31 
iteration: 828 ; CPU: 31.30% ; MEM: 4682.31 
iteration: 829 ; CPU: 31.08% ; MEM: 4682.31 
iteration: 830 ; CPU: 31.12% ; MEM: 4682.31 
iteration: 831 ; CPU: 31.15% ; MEM: 4682.31 
iteration: 832 ; CPU: 31.17% ; MEM: 4682.31 
iteration: 833 ; CPU: 31.23% ; MEM: 4682.31 
iteration: 834 ; CPU: 31.28% ; MEM: 4682.31 
iteration: 835 ; CPU: 31.31% ; MEM: 4682.31 
iteration: 836 ; CPU: 31.07% ; MEM: 4682.31 
iteration: 837 ; CPU: 31.10% ; MEM: 4682.31 
iteration: 838 ; CPU: 31.13% ; MEM: 4682.31 
iteration: 839 ; CPU: 31.20% ; MEM: 4682.49 
iteration: 840 ; CPU: 31.24% ; MEM: 4682.49 
iteration: 841 ; CPU: 31.25% ; MEM: 4682.49 
iteration: 842 ; CPU: 31.30% ; MEM: 4682.49 
iteration: 843 ; CPU: 31.07% ; MEM: 4682.49 
iteration: 844 ; CPU: 31.11% ; MEM: 4682.49 
iteration: 845 ; CPU: 31.15% ; MEM: 4682.49 
iteration: 846 ; CPU: 31.22% ; MEM: 4682.49 
iteration: 847 ; CPU: 31.25% ; MEM: 4682.49 
iteration: 848 ; CPU: 31.28% ; MEM: 4682.49 
iteration: 849 ; CPU: 31.05% ; MEM: 4682.49 
iteration: 850 ; CPU: 31.08% ; MEM: 4682.49 
iteration: 851 ; CPU: 31.11% ; MEM: 4682.49 
iteration: 852 ; CPU: 31.18% ; MEM: 4682.49 
iteration: 853 ; CPU: 31.21% ; MEM: 4682.49 
iteration: 854 ; CPU: 31.23% ; MEM: 4682.49 
iteration: 855 ; CPU: 31.28% ; MEM: 4682.49 
iteration: 856 ; CPU: 31.05% ; MEM: 4682.49 
iteration: 857 ; CPU: 31.09% ; MEM: 4682.49 
iteration: 858 ; CPU: 31.15% ; MEM: 4682.49 
iteration: 859 ; CPU: 31.19% ; MEM: 4682.49 
iteration: 860 ; CPU: 31.21% ; MEM: 4682.49 
iteration: 861 ; CPU: 31.25% ; MEM: 4682.49 
iteration: 862 ; CPU: 31.28% ; MEM: 4682.49 
iteration: 863 ; CPU: 31.07% ; MEM: 4682.49 
iteration: 864 ; CPU: 31.12% ; MEM: 4682.49 
iteration: 865 ; CPU: 31.15% ; MEM: 4682.49 
iteration: 866 ; CPU: 31.18% ; MEM: 4682.49 
iteration: 867 ; CPU: 31.22% ; MEM: 4682.49 
iteration: 868 ; CPU: 31.25% ; MEM: 4682.49 
iteration: 869 ; CPU: 31.32% ; MEM: 4682.49 
iteration: 870 ; CPU: 31.09% ; MEM: 4682.49 
iteration: 871 ; CPU: 31.11% ; MEM: 4682.49 
iteration: 872 ; CPU: 31.15% ; MEM: 4682.49 
iteration: 873 ; CPU: 31.19% ; MEM: 4682.49 
iteration: 874 ; CPU: 31.23% ; MEM: 4682.49 
iteration: 875 ; CPU: 31.29% ; MEM: 4682.49 
iteration: 876 ; CPU: 31.07% ; MEM: 4682.49 
iteration: 877 ; CPU: 31.10% ; MEM: 4682.49 
iteration: 878 ; CPU: 31.13% ; MEM: 4682.49 
iteration: 879 ; CPU: 31.16% ; MEM: 4682.49 
iteration: 880 ; CPU: 31.20% ; MEM: 4682.49 
iteration: 881 ; CPU: 31.26% ; MEM: 4682.49 
iteration: 882 ; CPU: 31.29% ; MEM: 4682.49 
iteration: 883 ; CPU: 31.07% ; MEM: 4682.49 
iteration: 884 ; CPU: 31.10% ; MEM: 4682.70 
iteration: 885 ; CPU: 31.14% ; MEM: 4682.70 
iteration: 886 ; CPU: 31.17% ; MEM: 4682.70 
iteration: 887 ; CPU: 31.22% ; MEM: 4682.70 
iteration: 888 ; CPU: 31.27% ; MEM: 4682.70 
iteration: 889 ; CPU: 31.30% ; MEM: 4682.70 
iteration: 890 ; CPU: 31.09% ; MEM: 4682.70 
iteration: 891 ; CPU: 31.12% ; MEM: 4682.70 
iteration: 892 ; CPU: 31.15% ; MEM: 4682.70 
iteration: 893 ; CPU: 31.22% ; MEM: 4682.70 
iteration: 894 ; CPU: 31.25% ; MEM: 4682.70 
iteration: 895 ; CPU: 31.28% ; MEM: 4682.70 
iteration: 896 ; CPU: 31.08% ; MEM: 4682.70 
iteration: 897 ; CPU: 31.10% ; MEM: 4682.70 
iteration: 898 ; CPU: 31.14% ; MEM: 4682.70 
iteration: 899 ; CPU: 31.21% ; MEM: 4682.70 
iteration: 900 ; CPU: 31.24% ; MEM: 4682.70 
iteration: 901 ; CPU: 31.26% ; MEM: 4682.70 
iteration: 902 ; CPU: 31.30% ; MEM: 4682.70 
iteration: 903 ; CPU: 31.08% ; MEM: 4682.70 
iteration: 904 ; CPU: 31.10% ; MEM: 4682.70 
iteration: 905 ; CPU: 31.12% ; MEM: 4682.70 
iteration: 906 ; CPU: 31.19% ; MEM: 4682.70 
iteration: 907 ; CPU: 31.22% ; MEM: 4682.70 
iteration: 908 ; CPU: 31.25% ; MEM: 4682.70 
iteration: 909 ; CPU: 31.29% ; MEM: 4682.70 
iteration: 910 ; CPU: 31.07% ; MEM: 4682.70 
iteration: 911 ; CPU: 31.11% ; MEM: 4682.70 
iteration: 912 ; CPU: 31.16% ; MEM: 4682.76 
iteration: 913 ; CPU: 31.20% ; MEM: 4682.76 
iteration: 914 ; CPU: 31.25% ; MEM: 4682.76 
iteration: 915 ; CPU: 31.27% ; MEM: 4682.76 
iteration: 916 ; CPU: 31.06% ; MEM: 4682.76 
iteration: 917 ; CPU: 31.09% ; MEM: 4682.76 
iteration: 918 ; CPU: 31.14% ; MEM: 4682.76 
iteration: 919 ; CPU: 31.17% ; MEM: 4682.76 
iteration: 920 ; CPU: 31.21% ; MEM: 4682.76 
iteration: 921 ; CPU: 31.23% ; MEM: 4682.76 
iteration: 922 ; CPU: 31.27% ; MEM: 4682.76 
iteration: 923 ; CPU: 31.05% ; MEM: 4682.76 
iteration: 924 ; CPU: 31.09% ; MEM: 4682.76 
iteration: 925 ; CPU: 31.15% ; MEM: 4682.76 
iteration: 926 ; CPU: 31.17% ; MEM: 4682.76 
iteration: 927 ; CPU: 31.20% ; MEM: 4682.76 
iteration: 928 ; CPU: 31.25% ; MEM: 4682.83 
iteration: 929 ; CPU: 31.28% ; MEM: 4682.83 
iteration: 930 ; CPU: 31.05% ; MEM: 4682.83 
iteration: 931 ; CPU: 31.13% ; MEM: 4682.83 
iteration: 932 ; CPU: 31.15% ; MEM: 4682.83 
iteration: 933 ; CPU: 31.19% ; MEM: 4682.83 
iteration: 934 ; CPU: 31.22% ; MEM: 4682.83 
iteration: 935 ; CPU: 31.26% ; MEM: 4682.83 
iteration: 936 ; CPU: 31.04% ; MEM: 4682.90 
iteration: 937 ; CPU: 31.07% ; MEM: 4682.90 
iteration: 938 ; CPU: 31.13% ; MEM: 4682.96 
iteration: 939 ; CPU: 31.16% ; MEM: 4682.96 
iteration: 940 ; CPU: 31.19% ; MEM: 4687.69 
iteration: 941 ; CPU: 31.23% ; MEM: 4687.69 
iteration: 942 ; CPU: 31.30% ; MEM: 4687.69 
iteration: 943 ; CPU: 31.05% ; MEM: 4687.69 
iteration: 944 ; CPU: 31.11% ; MEM: 4687.69 
iteration: 945 ; CPU: 31.14% ; MEM: 4687.69 
iteration: 946 ; CPU: 31.17% ; MEM: 4687.69 
iteration: 947 ; CPU: 31.21% ; MEM: 4687.69 
iteration: 948 ; CPU: 31.24% ; MEM: 4687.69 
iteration: 949 ; CPU: 31.30% ; MEM: 4687.69 
iteration: 950 ; CPU: 31.09% ; MEM: 4687.69 
iteration: 951 ; CPU: 31.12% ; MEM: 4687.69 
iteration: 952 ; CPU: 31.14% ; MEM: 4687.69 
iteration: 953 ; CPU: 31.17% ; MEM: 4687.69 
iteration: 954 ; CPU: 31.21% ; MEM: 4687.69 
iteration: 955 ; CPU: 31.27% ; MEM: 4687.76 
iteration: 956 ; CPU: 31.31% ; MEM: 4687.76 
iteration: 957 ; CPU: 31.09% ; MEM: 4687.76 
iteration: 958 ; CPU: 31.12% ; MEM: 4687.76 
iteration: 959 ; CPU: 31.15% ; MEM: 4687.75 
iteration: 960 ; CPU: 31.20% ; MEM: 4687.73 
iteration: 961 ; CPU: 31.22% ; MEM: 4687.73 
iteration: 962 ; CPU: 31.28% ; MEM: 4687.73 
iteration: 963 ; CPU: 31.08% ; MEM: 4687.73 
iteration: 964 ; CPU: 31.11% ; MEM: 4687.73 
iteration: 965 ; CPU: 31.13% ; MEM: 4687.73 
iteration: 966 ; CPU: 31.16% ; MEM: 4687.73 
iteration: 967 ; CPU: 31.21% ; MEM: 4687.73 
iteration: 968 ; CPU: 31.27% ; MEM: 4687.73 
iteration: 969 ; CPU: 31.29% ; MEM: 4687.73 
iteration: 970 ; CPU: 31.08% ; MEM: 4687.73 
iteration: 971 ; CPU: 31.11% ; MEM: 4687.73 
iteration: 972 ; CPU: 31.14% ; MEM: 4687.73 
iteration: 973 ; CPU: 31.19% ; MEM: 4687.73 
iteration: 974 ; CPU: 31.26% ; MEM: 4687.73 
iteration: 975 ; CPU: 31.28% ; MEM: 4687.73 
iteration: 976 ; CPU: 31.31% ; MEM: 4687.73 
iteration: 977 ; CPU: 31.10% ; MEM: 4687.73 
iteration: 978 ; CPU: 31.13% ; MEM: 4687.73 
iteration: 979 ; CPU: 31.17% ; MEM: 4687.73 
iteration: 980 ; CPU: 31.24% ; MEM: 4687.73 
iteration: 981 ; CPU: 31.27% ; MEM: 4687.73 
iteration: 982 ; CPU: 31.29% ; MEM: 4687.73 
iteration: 983 ; CPU: 31.09% ; MEM: 4687.73 
iteration: 984 ; CPU: 31.12% ; MEM: 4687.97 
iteration: 985 ; CPU: 31.16% ; MEM: 4687.97 
iteration: 986 ; CPU: 31.20% ; MEM: 4687.97 
iteration: 987 ; CPU: 31.25% ; MEM: 4687.97 
iteration: 988 ; CPU: 31.28% ; MEM: 4687.97 
iteration: 989 ; CPU: 31.30% ; MEM: 4687.97 
iteration: 990 ; CPU: 31.10% ; MEM: 4687.97 
iteration: 991 ; CPU: 31.13% ; MEM: 4687.97 
iteration: 992 ; CPU: 31.18% ; MEM: 4687.97 
iteration: 993 ; CPU: 31.22% ; MEM: 4687.97 
iteration: 994 ; CPU: 31.25% ; MEM: 4687.97 
iteration: 995 ; CPU: 31.28% ; MEM: 4687.97 
iteration: 996 ; CPU: 31.30% ; MEM: 4687.97 
iteration: 997 ; CPU: 31.10% ; MEM: 4687.97 
iteration: 998 ; CPU: 31.13% ; MEM: 4687.97 
iteration: 999 ; CPU: 31.19% ; MEM: 4687.97 
iteration: 1000 ; CPU: 31.23% ; MEM: 4687.97 
iteration: 1001 ; CPU: 31.24% ; MEM: 4687.97 
iteration: 1002 ; CPU: 31.28% ; MEM: 4687.97 
iteration: 1003 ; CPU: 31.09% ; MEM: 4687.97 
iteration: 1004 ; CPU: 31.12% ; MEM: 4687.97 
iteration: 1005 ; CPU: 31.18% ; MEM: 4687.97 
iteration: 1006 ; CPU: 31.21% ; MEM: 4687.97 
iteration: 1007 ; CPU: 31.22% ; MEM: 4687.97 
iteration: 1008 ; CPU: 31.26% ; MEM: 4687.97 
iteration: 1009 ; CPU: 31.28% ; MEM: 4687.97 
iteration: 1010 ; CPU: 31.08% ; MEM: 4687.97 
iteration: 1011 ; CPU: 31.16% ; MEM: 4687.97 
iteration: 1012 ; CPU: 31.20% ; MEM: 4687.97 
iteration: 1013 ; CPU: 31.22% ; MEM: 4687.97 
iteration: 1014 ; CPU: 31.24% ; MEM: 4687.97 
iteration: 1015 ; CPU: 31.26% ; MEM: 4687.97 
iteration: 1016 ; CPU: 31.28% ; MEM: 4687.97 
iteration: 1017 ; CPU: 31.12% ; MEM: 4687.97 
iteration: 1018 ; CPU: 31.17% ; MEM: 4687.97 
iteration: 1019 ; CPU: 31.20% ; MEM: 4688.16 
iteration: 1020 ; CPU: 31.24% ; MEM: 4688.16 
iteration: 1021 ; CPU: 31.27% ; MEM: 4688.16 
iteration: 1022 ; CPU: 31.29% ; MEM: 4688.16 
iteration: 1023 ; CPU: 31.10% ; MEM: 4688.16 
iteration: 1024 ; CPU: 31.17% ; MEM: 4688.16 
iteration: 1025 ; CPU: 31.19% ; MEM: 4688.16 
iteration: 1026 ; CPU: 31.21% ; MEM: 4688.16 
iteration: 1027 ; CPU: 31.24% ; MEM: 4688.16 
iteration: 1028 ; CPU: 31.26% ; MEM: 4688.28 
iteration: 1029 ; CPU: 31.32% ; MEM: 4688.28 
iteration: 1030 ; CPU: 31.14% ; MEM: 4688.28 
iteration: 1031 ; CPU: 31.18% ; MEM: 4688.28 
iteration: 1032 ; CPU: 31.20% ; MEM: 4688.39 
iteration: 1033 ; CPU: 31.23% ; MEM: 4688.39 
iteration: 1034 ; CPU: 31.25% ; MEM: 4688.39 
iteration: 1035 ; CPU: 31.26% ; MEM: 4688.39 
iteration: 1036 ; CPU: 31.34% ; MEM: 4688.39 
iteration: 1037 ; CPU: 31.16% ; MEM: 4688.39 
iteration: 1038 ; CPU: 31.18% ; MEM: 4688.39 
iteration: 1039 ; CPU: 31.21% ; MEM: 4688.39 
iteration: 1040 ; CPU: 31.22% ; MEM: 4688.39 
iteration: 1041 ; CPU: 31.24% ; MEM: 4688.39 
iteration: 1042 ; CPU: 31.31% ; MEM: 4688.39 
iteration: 1043 ; CPU: 31.14% ; MEM: 4688.39 
iteration: 1044 ; CPU: 31.16% ; MEM: 4688.39 
iteration: 1045 ; CPU: 31.20% ; MEM: 4688.39 
iteration: 1046 ; CPU: 31.21% ; MEM: 4688.39 
iteration: 1047 ; CPU: 31.23% ; MEM: 4688.39 
iteration: 1048 ; CPU: 31.29% ; MEM: 4688.39 
iteration: 1049 ; CPU: 31.32% ; MEM: 4688.39 
iteration: 1050 ; CPU: 31.14% ; MEM: 4688.39 
iteration: 1051 ; CPU: 31.15% ; MEM: 4688.39 
iteration: 1052 ; CPU: 31.19% ; MEM: 4688.39 
iteration: 1053 ; CPU: 31.20% ; MEM: 4688.39 
iteration: 1054 ; CPU: 31.22% ; MEM: 4688.39 
iteration: 1055 ; CPU: 31.28% ; MEM: 4688.39 
iteration: 1056 ; CPU: 31.30% ; MEM: 4688.39 
iteration: 1057 ; CPU: 31.13% ; MEM: 4688.39 
iteration: 1058 ; CPU: 31.16% ; MEM: 4688.39 
iteration: 1059 ; CPU: 31.19% ; MEM: 4688.39 
iteration: 1060 ; CPU: 31.20% ; MEM: 4688.39 
iteration: 1061 ; CPU: 31.27% ; MEM: 4688.39 
iteration: 1062 ; CPU: 31.30% ; MEM: 4688.39 
iteration: 1063 ; CPU: 31.33% ; MEM: 4688.39 
iteration: 1064 ; CPU: 31.16% ; MEM: 4688.39 
iteration: 1065 ; CPU: 31.18% ; MEM: 4688.39 
iteration: 1066 ; CPU: 31.21% ; MEM: 4688.39 
iteration: 1067 ; CPU: 31.26% ; MEM: 4688.39 
iteration: 1068 ; CPU: 31.29% ; MEM: 4688.39 
iteration: 1069 ; CPU: 31.32% ; MEM: 4688.53 
iteration: 1070 ; CPU: 31.11% ; MEM: 4682.41 
iteration: 1071 ; CPU: 31.13% ; MEM: 4682.41 
iteration: 1072 ; CPU: 31.16% ; MEM: 4682.41 
iteration: 1073 ; CPU: 31.19% ; MEM: 4682.41 
iteration: 1074 ; CPU: 31.25% ; MEM: 4682.41 
iteration: 1075 ; CPU: 31.28% ; MEM: 4682.41 
iteration: 1076 ; CPU: 31.30% ; MEM: 4682.41 
iteration: 1077 ; CPU: 31.13% ; MEM: 4682.41 
iteration: 1078 ; CPU: 31.15% ; MEM: 4682.41 
iteration: 1079 ; CPU: 31.17% ; MEM: 4682.41 
iteration: 1080 ; CPU: 31.23% ; MEM: 4682.41 
iteration: 1081 ; CPU: 31.25% ; MEM: 4682.41 
iteration: 1082 ; CPU: 31.28% ; MEM: 4682.41 
iteration: 1083 ; CPU: 31.12% ; MEM: 4682.41 
iteration: 1084 ; CPU: 31.14% ; MEM: 4682.41 
iteration: 1085 ; CPU: 31.16% ; MEM: 4682.41 
iteration: 1086 ; CPU: 31.21% ; MEM: 4682.41 
iteration: 1087 ; CPU: 31.25% ; MEM: 4682.41 
iteration: 1088 ; CPU: 31.27% ; MEM: 4682.41 
iteration: 1089 ; CPU: 31.30% ; MEM: 4682.41 
iteration: 1090 ; CPU: 31.12% ; MEM: 4682.41 
iteration: 1091 ; CPU: 31.15% ; MEM: 4682.41 
iteration: 1092 ; CPU: 31.16% ; MEM: 4682.41 
iteration: 1093 ; CPU: 31.22% ; MEM: 4682.41 
iteration: 1094 ; CPU: 31.25% ; MEM: 4682.41 
iteration: 1095 ; CPU: 31.27% ; MEM: 4682.41 
iteration: 1096 ; CPU: 31.30% ; MEM: 4682.41 
iteration: 1097 ; CPU: 31.13% ; MEM: 4682.41 
iteration: 1098 ; CPU: 31.15% ; MEM: 4682.41 
iteration: 1099 ; CPU: 31.21% ; MEM: 4682.41 
iteration: 1100 ; CPU: 31.24% ; MEM: 4682.41 
iteration: 1101 ; CPU: 31.26% ; MEM: 4682.41 
iteration: 1102 ; CPU: 31.28% ; MEM: 4682.41 
iteration: 1103 ; CPU: 31.31% ; MEM: 4682.41 
iteration: 1104 ; CPU: 31.13% ; MEM: 4682.41 
iteration: 1105 ; CPU: 31.15% ; MEM: 4682.41 
iteration: 1106 ; CPU: 31.21% ; MEM: 4682.41 
iteration: 1107 ; CPU: 31.24% ; MEM: 4682.41 
iteration: 1108 ; CPU: 31.26% ; MEM: 4682.41 
iteration: 1109 ; CPU: 31.28% ; MEM: 4682.41 
iteration: 1110 ; CPU: 31.11% ; MEM: 4682.41 
iteration: 1111 ; CPU: 31.12% ; MEM: 4682.41 
iteration: 1112 ; CPU: 31.19% ; MEM: 4682.41 
iteration: 1113 ; CPU: 31.21% ; MEM: 4682.41 
iteration: 1114 ; CPU: 31.23% ; MEM: 4682.41 
iteration: 1115 ; CPU: 31.27% ; MEM: 4682.41 
iteration: 1116 ; CPU: 31.29% ; MEM: 4682.41 
iteration: 1117 ; CPU: 31.11% ; MEM: 4682.41 
iteration: 1118 ; CPU: 31.17% ; MEM: 4682.41 
iteration: 1119 ; CPU: 31.20% ; MEM: 4682.41 
iteration: 1120 ; CPU: 31.22% ; MEM: 4682.41 
iteration: 1121 ; CPU: 31.24% ; MEM: 4682.41 
iteration: 1122 ; CPU: 31.27% ; MEM: 4682.41 
iteration: 1123 ; CPU: 31.29% ; MEM: 4682.41 
iteration: 1124 ; CPU: 31.14% ; MEM: 4682.41 
iteration: 1125 ; CPU: 31.18% ; MEM: 4682.41 
iteration: 1126 ; CPU: 31.20% ; MEM: 4682.41 
iteration: 1127 ; CPU: 31.22% ; MEM: 4682.41 
iteration: 1128 ; CPU: 31.25% ; MEM: 4682.41 
iteration: 1129 ; CPU: 31.29% ; MEM: 4682.41 
iteration: 1130 ; CPU: 31.34% ; MEM: 4682.41 
iteration: 1131 ; CPU: 31.18% ; MEM: 4682.41 
iteration: 1132 ; CPU: 31.20% ; MEM: 4682.41 
iteration: 1133 ; CPU: 31.21% ; MEM: 4682.41 
iteration: 1134 ; CPU: 31.24% ; MEM: 4682.41 
iteration: 1135 ; CPU: 31.26% ; MEM: 4682.48 
iteration: 1136 ; CPU: 31.33% ; MEM: 4682.48 
iteration: 1137 ; CPU: 31.15% ; MEM: 4682.48 
iteration: 1138 ; CPU: 31.18% ; MEM: 4682.48 
iteration: 1139 ; CPU: 31.20% ; MEM: 4682.48 
iteration: 1140 ; CPU: 31.23% ; MEM: 4682.48 
iteration: 1141 ; CPU: 31.25% ; MEM: 4682.48 
iteration: 1142 ; CPU: 31.28% ; MEM: 4682.48 
iteration: 1143 ; CPU: 31.33% ; MEM: 4682.48 
iteration: 1144 ; CPU: 31.16% ; MEM: 4682.48 
iteration: 1145 ; CPU: 31.19% ; MEM: 4682.48 
iteration: 1146 ; CPU: 31.20% ; MEM: 4682.48 
iteration: 1147 ; CPU: 31.23% ; MEM: 4682.48 
iteration: 1148 ; CPU: 31.25% ; MEM: 4682.48 
iteration: 1149 ; CPU: 31.30% ; MEM: 4682.48 
iteration: 1150 ; CPU: 31.34% ; MEM: 4682.48 
iteration: 1151 ; CPU: 31.17% ; MEM: 4682.48 
iteration: 1152 ; CPU: 31.19% ; MEM: 4682.48 
iteration: 1153 ; CPU: 31.23% ; MEM: 4682.48 
iteration: 1154 ; CPU: 31.24% ; MEM: 4682.48 
iteration: 1155 ; CPU: 31.26% ; MEM: 4682.48 
iteration: 1156 ; CPU: 31.31% ; MEM: 4682.48 
iteration: 1157 ; CPU: 31.35% ; MEM: 4682.48 
iteration: 1158 ; CPU: 31.17% ; MEM: 4682.48 
iteration: 1159 ; CPU: 31.20% ; MEM: 4682.48 
iteration: 1160 ; CPU: 31.22% ; MEM: 4682.48 
iteration: 1161 ; CPU: 31.24% ; MEM: 4682.62 
iteration: 1162 ; CPU: 31.32% ; MEM: 4682.62 
iteration: 1163 ; CPU: 31.34% ; MEM: 4682.62 
iteration: 1164 ; CPU: 31.16% ; MEM: 4682.62 
iteration: 1165 ; CPU: 31.19% ; MEM: 4682.62 
iteration: 1166 ; CPU: 31.20% ; MEM: 4682.62 
iteration: 1167 ; CPU: 31.23% ; MEM: 4682.62 
iteration: 1168 ; CPU: 31.28% ; MEM: 4682.62 
iteration: 1169 ; CPU: 31.32% ; MEM: 4682.62 
iteration: 1170 ; CPU: 31.35% ; MEM: 4682.62 
iteration: 1171 ; CPU: 31.15% ; MEM: 4682.62 
iteration: 1172 ; CPU: 31.18% ; MEM: 4682.62 
iteration: 1173 ; CPU: 31.20% ; MEM: 4682.62 
iteration: 1174 ; CPU: 31.26% ; MEM: 4682.62 
iteration: 1175 ; CPU: 31.29% ; MEM: 4682.62 
iteration: 1176 ; CPU: 31.33% ; MEM: 4682.62 
iteration: 1177 ; CPU: 31.16% ; MEM: 4682.62 
iteration: 1178 ; CPU: 31.18% ; MEM: 4682.62 
iteration: 1179 ; CPU: 31.20% ; MEM: 4682.66 
iteration: 1180 ; CPU: 31.26% ; MEM: 4682.66 
iteration: 1181 ; CPU: 31.29% ; MEM: 4682.66 
iteration: 1182 ; CPU: 31.31% ; MEM: 4682.66 
iteration: 1183 ; CPU: 31.35% ; MEM: 4693.42 
iteration: 1184 ; CPU: 31.17% ; MEM: 4693.88 
iteration: 1185 ; CPU: 31.19% ; MEM: 4693.88 
iteration: 1186 ; CPU: 31.20% ; MEM: 4693.88 
iteration: 1187 ; CPU: 31.28% ; MEM: 4693.88 
iteration: 1188 ; CPU: 31.30% ; MEM: 4693.88 
iteration: 1189 ; CPU: 31.33% ; MEM: 4694.65 
iteration: 1190 ; CPU: 31.36% ; MEM: 4694.65 
iteration: 1191 ; CPU: 31.17% ; MEM: 4694.72 
iteration: 1192 ; CPU: 31.19% ; MEM: 4694.72 
iteration: 1193 ; CPU: 31.25% ; MEM: 4694.72 
iteration: 1194 ; CPU: 31.28% ; MEM: 4694.72 
iteration: 1195 ; CPU: 31.30% ; MEM: 4694.72 
iteration: 1196 ; CPU: 31.33% ; MEM: 4694.72 
iteration: 1197 ; CPU: 31.15% ; MEM: 4694.72 
iteration: 1198 ; CPU: 31.17% ; MEM: 4694.72 
iteration: 1199 ; CPU: 31.19% ; MEM: 4694.72 
iteration: 1200 ; CPU: 31.26% ; MEM: 4694.72 
iteration: 1201 ; CPU: 31.28% ; MEM: 4694.72 
iteration: 1202 ; CPU: 31.30% ; MEM: 4694.77 
iteration: 1203 ; CPU: 31.33% ; MEM: 4694.77 
iteration: 1204 ; CPU: 31.15% ; MEM: 4694.77 
iteration: 1205 ; CPU: 31.18% ; MEM: 4694.77 
iteration: 1206 ; CPU: 31.22% ; MEM: 4694.77 
iteration: 1207 ; CPU: 31.26% ; MEM: 4694.77 
iteration: 1208 ; CPU: 31.27% ; MEM: 4694.77 
iteration: 1209 ; CPU: 31.30% ; MEM: 4694.77 
iteration: 1210 ; CPU: 31.34% ; MEM: 4694.77 
iteration: 1211 ; CPU: 31.15% ; MEM: 4694.77 
iteration: 1212 ; CPU: 31.17% ; MEM: 4694.77 
iteration: 1213 ; CPU: 31.22% ; MEM: 4694.98 
iteration: 1214 ; CPU: 31.25% ; MEM: 4694.98 
iteration: 1215 ; CPU: 31.27% ; MEM: 4694.98 
iteration: 1216 ; CPU: 31.30% ; MEM: 4694.98 
iteration: 1217 ; CPU: 31.33% ; MEM: 4695.95 
iteration: 1218 ; CPU: 31.16% ; MEM: 4697.05 
iteration: 1219 ; CPU: 31.20% ; MEM: 4697.05 
iteration: 1220 ; CPU: 31.25% ; MEM: 4697.05 
iteration: 1221 ; CPU: 31.27% ; MEM: 4697.05 
iteration: 1222 ; CPU: 31.29% ; MEM: 4697.05 
iteration: 1223 ; CPU: 31.32% ; MEM: 4697.06 
iteration: 1224 ; CPU: 31.34% ; MEM: 4697.07 
iteration: 1225 ; CPU: 31.15% ; MEM: 4697.07 
iteration: 1226 ; CPU: 31.21% ; MEM: 4697.07 
iteration: 1227 ; CPU: 31.23% ; MEM: 4697.07 
iteration: 1228 ; CPU: 31.25% ; MEM: 4697.23 
iteration: 1229 ; CPU: 31.28% ; MEM: 4697.23 
iteration: 1230 ; CPU: 31.30% ; MEM: 4697.23 
iteration: 1231 ; CPU: 31.15% ; MEM: 4697.50 
iteration: 1232 ; CPU: 31.21% ; MEM: 4697.50 
iteration: 1233 ; CPU: 31.23% ; MEM: 4697.50 
iteration: 1234 ; CPU: 31.26% ; MEM: 4697.50 
iteration: 1235 ; CPU: 31.28% ; MEM: 4697.50 
iteration: 1236 ; CPU: 31.31% ; MEM: 4697.50 
iteration: 1237 ; CPU: 31.34% ; MEM: 4697.50 
iteration: 1238 ; CPU: 31.20% ; MEM: 4697.50 
iteration: 1239 ; CPU: 31.22% ; MEM: 4697.67 
iteration: 1240 ; CPU: 31.24% ; MEM: 4697.67 
iteration: 1241 ; CPU: 31.26% ; MEM: 4697.67 
iteration: 1242 ; CPU: 31.28% ; MEM: 4697.67 
iteration: 1243 ; CPU: 31.32% ; MEM: 4697.67 
iteration: 1244 ; CPU: 31.34% ; MEM: 4697.67 
iteration: 1245 ; CPU: 31.20% ; MEM: 4697.67 
iteration: 1246 ; CPU: 31.23% ; MEM: 4697.67 
iteration: 1247 ; CPU: 31.24% ; MEM: 4697.67 
iteration: 1248 ; CPU: 31.27% ; MEM: 4697.67 
iteration: 1249 ; CPU: 31.30% ; MEM: 4697.67 
iteration: 1250 ; CPU: 31.33% ; MEM: 4697.67 
iteration: 1251 ; CPU: 31.18% ; MEM: 4697.67 
iteration: 1252 ; CPU: 31.20% ; MEM: 4697.67 
iteration: 1253 ; CPU: 31.23% ; MEM: 4697.67 
iteration: 1254 ; CPU: 31.25% ; MEM: 4697.67 
iteration: 1255 ; CPU: 31.29% ; MEM: 4697.67 
iteration: 1256 ; CPU: 31.30% ; MEM: 4697.67 
iteration: 1257 ; CPU: 31.34% ; MEM: 4697.67 
iteration: 1258 ; CPU: 31.19% ; MEM: 4697.67 
iteration: 1259 ; CPU: 31.21% ; MEM: 4697.67 
iteration: 1260 ; CPU: 31.24% ; MEM: 4697.67 
iteration: 1261 ; CPU: 31.25% ; MEM: 4697.67 
iteration: 1262 ; CPU: 31.29% ; MEM: 4697.67 
iteration: 1263 ; CPU: 31.32% ; MEM: 4697.81 
iteration: 1264 ; CPU: 31.38% ; MEM: 4697.81 
iteration: 1265 ; CPU: 31.21% ; MEM: 4697.81 
iteration: 1266 ; CPU: 31.23% ; MEM: 4697.81 
iteration: 1267 ; CPU: 31.26% ; MEM: 4697.81 
iteration: 1268 ; CPU: 31.28% ; MEM: 4697.81 
iteration: 1269 ; CPU: 31.31% ; MEM: 4697.81 
iteration: 1270 ; CPU: 31.34% ; MEM: 4697.81 
iteration: 1271 ; CPU: 31.40% ; MEM: 4697.81 
iteration: 1272 ; CPU: 31.22% ; MEM: 4697.81 
iteration: 1273 ; CPU: 31.24% ; MEM: 4697.81 
iteration: 1274 ; CPU: 31.25% ; MEM: 4697.81 
iteration: 1275 ; CPU: 31.29% ; MEM: 4697.81 
iteration: 1276 ; CPU: 31.30% ; MEM: 4697.81 
iteration: 1277 ; CPU: 31.34% ; MEM: 4697.81 
iteration: 1278 ; CPU: 31.39% ; MEM: 4697.81 
iteration: 1279 ; CPU: 31.23% ; MEM: 4697.81 
iteration: 1280 ; CPU: 31.25% ; MEM: 4697.81 
iteration: 1281 ; CPU: 31.27% ; MEM: 4697.81 
iteration: 1282 ; CPU: 31.29% ; MEM: 4697.87 
iteration: 1283 ; CPU: 31.32% ; MEM: 4697.87 
iteration: 1284 ; CPU: 31.38% ; MEM: 4697.87 
iteration: 1285 ; CPU: 31.21% ; MEM: 4697.87 
iteration: 1286 ; CPU: 31.24% ; MEM: 4697.87 
iteration: 1287 ; CPU: 31.25% ; MEM: 4697.87 
iteration: 1288 ; CPU: 31.28% ; MEM: 4697.87 
iteration: 1289 ; CPU: 31.30% ; MEM: 4697.87 
iteration: 1290 ; CPU: 31.36% ; MEM: 4697.87 
iteration: 1291 ; CPU: 31.39% ; MEM: 4697.87 
iteration: 1292 ; CPU: 31.21% ; MEM: 4697.87 
iteration: 1293 ; CPU: 31.24% ; MEM: 4697.87 
iteration: 1294 ; CPU: 31.26% ; MEM: 4697.87 
iteration: 1295 ; CPU: 31.29% ; MEM: 4697.87 
iteration: 1296 ; CPU: 31.31% ; MEM: 4697.87 
iteration: 1297 ; CPU: 31.38% ; MEM: 4697.87 
iteration: 1298 ; CPU: 31.40% ; MEM: 4697.87 
iteration: 1299 ; CPU: 31.23% ; MEM: 4697.87 
iteration: 1300 ; CPU: 31.25% ; MEM: 4697.87 
iteration: 1301 ; CPU: 31.27% ; MEM: 4697.87 
iteration: 1302 ; CPU: 31.29% ; MEM: 4697.87 
iteration: 1303 ; CPU: 31.35% ; MEM: 4697.87 
iteration: 1304 ; CPU: 31.38% ; MEM: 4697.87 
iteration: 1305 ; CPU: 31.40% ; MEM: 4697.87 
iteration: 1306 ; CPU: 31.22% ; MEM: 4697.87 
iteration: 1307 ; CPU: 31.24% ; MEM: 4697.87 
iteration: 1308 ; CPU: 31.26% ; MEM: 4697.87 
iteration: 1309 ; CPU: 31.29% ; MEM: 4697.87 
iteration: 1310 ; CPU: 31.34% ; MEM: 4697.99 
iteration: 1311 ; CPU: 31.38% ; MEM: 4697.99 
iteration: 1312 ; CPU: 31.39% ; MEM: 4697.99 
iteration: 1313 ; CPU: 31.23% ; MEM: 4697.99 
iteration: 1314 ; CPU: 31.25% ; MEM: 4697.99 
iteration: 1315 ; CPU: 31.27% ; MEM: 4697.99 
iteration: 1316 ; CPU: 31.32% ; MEM: 4697.99 
iteration: 1317 ; CPU: 31.36% ; MEM: 4697.99 
iteration: 1318 ; CPU: 31.37% ; MEM: 4697.99 
iteration: 1319 ; CPU: 31.21% ; MEM: 4697.99 
iteration: 1320 ; CPU: 31.24% ; MEM: 4697.99 
iteration: 1321 ; CPU: 31.25% ; MEM: 4697.99 
iteration: 1322 ; CPU: 31.27% ; MEM: 4697.99 
iteration: 1323 ; CPU: 31.34% ; MEM: 4697.99 
iteration: 1324 ; CPU: 31.35% ; MEM: 4697.99 
iteration: 1325 ; CPU: 31.38% ; MEM: 4697.99 
iteration: 1326 ; CPU: 31.20% ; MEM: 4697.99 
iteration: 1327 ; CPU: 31.22% ; MEM: 4697.99 
iteration: 1328 ; CPU: 31.25% ; MEM: 4697.99 
iteration: 1329 ; CPU: 31.27% ; MEM: 4697.99 
iteration: 1330 ; CPU: 31.32% ; MEM: 4697.99 
iteration: 1331 ; CPU: 31.36% ; MEM: 4697.99 
iteration: 1332 ; CPU: 31.38% ; MEM: 4697.99 
iteration: 1333 ; CPU: 31.21% ; MEM: 4697.99 
iteration: 1334 ; CPU: 31.24% ; MEM: 4697.99 
iteration: 1335 ; CPU: 31.26% ; MEM: 4697.99 
iteration: 1336 ; CPU: 31.31% ; MEM: 4697.99 
iteration: 1337 ; CPU: 31.34% ; MEM: 4697.99 
iteration: 1338 ; CPU: 31.37% ; MEM: 4697.99 
iteration: 1339 ; CPU: 31.39% ; MEM: 4697.99 
iteration: 1340 ; CPU: 31.21% ; MEM: 4698.04 
iteration: 1341 ; CPU: 31.22% ; MEM: 4698.12 
iteration: 1342 ; CPU: 31.25% ; MEM: 4698.19 
iteration: 1343 ; CPU: 31.30% ; MEM: 4698.19 
iteration: 1344 ; CPU: 31.33% ; MEM: 4698.19 
iteration: 1345 ; CPU: 31.35% ; MEM: 4698.19 
iteration: 1346 ; CPU: 31.38% ; MEM: 4698.19 
iteration: 1347 ; CPU: 31.20% ; MEM: 4698.19 
iteration: 1348 ; CPU: 31.21% ; MEM: 4698.19 
iteration: 1349 ; CPU: 31.27% ; MEM: 4698.19 
iteration: 1350 ; CPU: 31.29% ; MEM: 4698.19 
iteration: 1351 ; CPU: 31.31% ; MEM: 4698.21 
iteration: 1352 ; CPU: 31.34% ; MEM: 4698.21 
iteration: 1353 ; CPU: 31.37% ; MEM: 4698.21 
iteration: 1354 ; CPU: 31.20% ; MEM: 4698.21 
iteration: 1355 ; CPU: 31.22% ; MEM: 4698.21 
iteration: 1356 ; CPU: 31.26% ; MEM: 4698.21 
iteration: 1357 ; CPU: 31.29% ; MEM: 4698.21 
iteration: 1358 ; CPU: 31.30% ; MEM: 4698.21 
iteration: 1359 ; CPU: 31.34% ; MEM: 4698.21 
iteration: 1360 ; CPU: 31.36% ; MEM: 4698.21 
iteration: 1361 ; CPU: 31.20% ; MEM: 4698.21 
iteration: 1362 ; CPU: 31.22% ; MEM: 4698.21 
iteration: 1363 ; CPU: 31.26% ; MEM: 4698.21 
iteration: 1364 ; CPU: 31.29% ; MEM: 4698.21 
iteration: 1365 ; CPU: 31.30% ; MEM: 4698.21 
iteration: 1366 ; CPU: 31.34% ; MEM: 4698.21 
iteration: 1367 ; CPU: 31.36% ; MEM: 4698.21 
iteration: 1368 ; CPU: 31.21% ; MEM: 4698.21 
iteration: 1369 ; CPU: 31.25% ; MEM: 4698.21 
iteration: 1370 ; CPU: 31.26% ; MEM: 4698.21 
iteration: 1371 ; CPU: 31.28% ; MEM: 4698.21 
iteration: 1372 ; CPU: 31.30% ; MEM: 4698.32 
iteration: 1373 ; CPU: 31.34% ; MEM: 4698.32 
iteration: 1374 ; CPU: 31.36% ; MEM: 4698.32 
iteration: 1375 ; CPU: 31.19% ; MEM: 4698.32 
iteration: 1376 ; CPU: 31.24% ; MEM: 4698.32 
iteration: 1377 ; CPU: 31.25% ; MEM: 4698.32 
iteration: 1378 ; CPU: 31.28% ; MEM: 4698.32 
iteration: 1379 ; CPU: 31.30% ; MEM: 4698.32 
iteration: 1380 ; CPU: 31.32% ; MEM: 4698.32 
iteration: 1381 ; CPU: 31.35% ; MEM: 4698.32 
iteration: 1382 ; CPU: 31.18% ; MEM: 4698.32 
iteration: 1383 ; CPU: 31.24% ; MEM: 4698.32 
iteration: 1384 ; CPU: 31.25% ; MEM: 4698.32 
iteration: 1385 ; CPU: 31.27% ; MEM: 4698.32 
iteration: 1386 ; CPU: 31.30% ; MEM: 4698.32 
iteration: 1387 ; CPU: 31.32% ; MEM: 4698.39 
iteration: 1388 ; CPU: 31.34% ; MEM: 4698.39 
iteration: 1389 ; CPU: 31.22% ; MEM: 4698.45 
iteration: 1390 ; CPU: 31.24% ; MEM: 4698.45 
iteration: 1391 ; CPU: 31.25% ; MEM: 4698.45 
iteration: 1392 ; CPU: 31.29% ; MEM: 4698.45 
iteration: 1393 ; CPU: 31.30% ; MEM: 4698.45 
iteration: 1394 ; CPU: 31.34% ; MEM: 4698.45 
iteration: 1395 ; CPU: 31.20% ; MEM: 4698.45 
iteration: 1396 ; CPU: 31.21% ; MEM: 4698.45 
iteration: 1397 ; CPU: 31.24% ; MEM: 4698.45 
iteration: 1398 ; CPU: 31.26% ; MEM: 4698.45 
iteration: 1399 ; CPU: 31.28% ; MEM: 4698.45 
iteration: 1400 ; CPU: 31.30% ; MEM: 4698.45 
iteration: 1401 ; CPU: 31.34% ; MEM: 4698.45 
iteration: 1402 ; CPU: 31.20% ; MEM: 4698.45 
iteration: 1403 ; CPU: 31.23% ; MEM: 4698.45 
iteration: 1404 ; CPU: 31.24% ; MEM: 4698.45 
iteration: 1405 ; CPU: 31.27% ; MEM: 4698.45 
iteration: 1406 ; CPU: 31.29% ; MEM: 4698.45 
iteration: 1407 ; CPU: 31.31% ; MEM: 4698.45 
iteration: 1408 ; CPU: 31.34% ; MEM: 4698.45 
iteration: 1409 ; CPU: 31.20% ; MEM: 4698.45 
iteration: 1410 ; CPU: 31.23% ; MEM: 4698.45 
iteration: 1411 ; CPU: 31.24% ; MEM: 4698.45 
iteration: 1412 ; CPU: 31.27% ; MEM: 4698.45 
iteration: 1413 ; CPU: 31.29% ; MEM: 4698.57 
iteration: 1414 ; CPU: 31.31% ; MEM: 4698.57 
iteration: 1415 ; CPU: 31.33% ; MEM: 4698.57 
iteration: 1416 ; CPU: 31.21% ; MEM: 4698.57 
iteration: 1417 ; CPU: 31.23% ; MEM: 4698.57 
iteration: 1418 ; CPU: 31.25% ; MEM: 4698.57 
iteration: 1419 ; CPU: 31.26% ; MEM: 4698.57 
iteration: 1420 ; CPU: 31.30% ; MEM: 4698.57 
iteration: 1421 ; CPU: 31.31% ; MEM: 4698.57 
iteration: 1422 ; CPU: 31.33% ; MEM: 4698.57 
iteration: 1423 ; CPU: 31.20% ; MEM: 4698.57 
iteration: 1424 ; CPU: 31.22% ; MEM: 4698.57 
iteration: 1425 ; CPU: 31.25% ; MEM: 4698.57 
iteration: 1426 ; CPU: 31.26% ; MEM: 4698.57 
iteration: 1427 ; CPU: 31.29% ; MEM: 4698.57 
iteration: 1428 ; CPU: 31.31% ; MEM: 4698.57 
iteration: 1429 ; CPU: 31.37% ; MEM: 4698.57 
iteration: 1430 ; CPU: 31.21% ; MEM: 4698.59 
iteration: 1431 ; CPU: 31.23% ; MEM: 4698.59 
iteration: 1432 ; CPU: 31.24% ; MEM: 4698.59 
iteration: 1433 ; CPU: 31.26% ; MEM: 4698.59 
iteration: 1434 ; CPU: 31.28% ; MEM: 4698.64 
iteration: 1435 ; CPU: 31.32% ; MEM: 4698.64 
iteration: 1436 ; CPU: 31.36% ; MEM: 4698.64 
iteration: 1437 ; CPU: 31.22% ; MEM: 4698.64 
iteration: 1438 ; CPU: 31.24% ; MEM: 4698.64 
iteration: 1439 ; CPU: 31.25% ; MEM: 4698.64 
iteration: 1440 ; CPU: 31.28% ; MEM: 4698.64 
iteration: 1441 ; CPU: 31.29% ; MEM: 4698.64 
iteration: 1442 ; CPU: 31.35% ; MEM: 4698.65 
iteration: 1443 ; CPU: 31.19% ; MEM: 4698.65 
iteration: 1444 ; CPU: 31.21% ; MEM: 4698.65 
iteration: 1445 ; CPU: 31.23% ; MEM: 4698.65 
iteration: 1446 ; CPU: 31.24% ; MEM: 4698.65 
iteration: 1447 ; CPU: 31.28% ; MEM: 4698.65 
iteration: 1448 ; CPU: 31.29% ; MEM: 4698.65 
iteration: 1449 ; CPU: 31.35% ; MEM: 4698.85 
iteration: 1450 ; CPU: 31.19% ; MEM: 4698.85 
iteration: 1451 ; CPU: 31.22% ; MEM: 4698.85 
iteration: 1452 ; CPU: 31.24% ; MEM: 4698.85 
iteration: 1453 ; CPU: 31.25% ; MEM: 4698.85 
iteration: 1454 ; CPU: 31.28% ; MEM: 4698.85 
iteration: 1455 ; CPU: 31.33% ; MEM: 4698.85 
iteration: 1456 ; CPU: 31.36% ; MEM: 4698.85 
iteration: 1457 ; CPU: 31.20% ; MEM: 4698.85 
iteration: 1458 ; CPU: 31.22% ; MEM: 4698.94 
iteration: 1459 ; CPU: 31.24% ; MEM: 4698.94 
iteration: 1460 ; CPU: 31.26% ; MEM: 4698.94 
iteration: 1461 ; CPU: 31.28% ; MEM: 4698.94 
iteration: 1462 ; CPU: 31.34% ; MEM: 4698.94 
iteration: 1463 ; CPU: 31.36% ; MEM: 4698.94 
iteration: 1464 ; CPU: 31.20% ; MEM: 4698.94 
iteration: 1465 ; CPU: 31.23% ; MEM: 4698.94 
iteration: 1466 ; CPU: 31.24% ; MEM: 4698.94 
iteration: 1467 ; CPU: 31.26% ; MEM: 4698.94 
iteration: 1468 ; CPU: 31.31% ; MEM: 4698.94 
iteration: 1469 ; CPU: 31.34% ; MEM: 4698.94 
iteration: 1470 ; CPU: 31.36% ; MEM: 4698.94 
iteration: 1471 ; CPU: 31.21% ; MEM: 4698.94 
iteration: 1472 ; CPU: 31.23% ; MEM: 4698.94 
iteration: 1473 ; CPU: 31.25% ; MEM: 4698.94 
iteration: 1474 ; CPU: 31.27% ; MEM: 4698.94 
iteration: 1475 ; CPU: 31.31% ; MEM: 4698.94 
iteration: 1476 ; CPU: 31.34% ; MEM: 4698.96 
iteration: 1477 ; CPU: 31.19% ; MEM: 4698.96 
iteration: 1478 ; CPU: 31.20% ; MEM: 4698.96 
iteration: 1479 ; CPU: 31.23% ; MEM: 4698.96 
iteration: 1480 ; CPU: 31.25% ; MEM: 4698.96 
iteration: 1481 ; CPU: 31.29% ; MEM: 4698.96 
iteration: 1482 ; CPU: 31.31% ; MEM: 4698.96 
iteration: 1483 ; CPU: 31.34% ; MEM: 4698.96 
iteration: 1484 ; CPU: 31.18% ; MEM: 4698.96 
iteration: 1485 ; CPU: 31.19% ; MEM: 4698.96 
iteration: 1486 ; CPU: 31.22% ; MEM: 4698.96 
iteration: 1487 ; CPU: 31.23% ; MEM: 4699.02 
iteration: 1488 ; CPU: 31.29% ; MEM: 4699.02 
iteration: 1489 ; CPU: 31.31% ; MEM: 4699.02 
iteration: 1490 ; CPU: 31.32% ; MEM: 4699.02 
iteration: 1491 ; CPU: 31.19% ; MEM: 4699.02 
iteration: 1492 ; CPU: 31.21% ; MEM: 4699.02 
iteration: 1493 ; CPU: 31.23% ; MEM: 4699.02 
iteration: 1494 ; CPU: 31.24% ; MEM: 4699.14 
iteration: 1495 ; CPU: 31.29% ; MEM: 4699.14 
iteration: 1496 ; CPU: 31.32% ; MEM: 4699.14 
iteration: 1497 ; CPU: 31.33% ; MEM: 4699.14 
iteration: 1498 ; CPU: 31.19% ; MEM: 4699.14 
iteration: 1499 ; CPU: 31.20% ; MEM: 4699.14 
iteration: 1500 ; CPU: 31.22% ; MEM: 4699.14 
iteration: 1501 ; CPU: 31.27% ; MEM: 4699.14 
iteration: 1502 ; CPU: 31.29% ; MEM: 4699.14 
iteration: 1503 ; CPU: 31.31% ; MEM: 4699.14 
iteration: 1504 ; CPU: 31.34% ; MEM: 4699.14 
iteration: 1505 ; CPU: 31.19% ; MEM: 4699.14 
iteration: 1506 ; CPU: 31.21% ; MEM: 4699.14 
iteration: 1507 ; CPU: 31.24% ; MEM: 4699.14 
iteration: 1508 ; CPU: 31.29% ; MEM: 4699.14 
iteration: 1509 ; CPU: 31.31% ; MEM: 4699.14 
iteration: 1510 ; CPU: 31.32% ; MEM: 4699.14 
iteration: 1511 ; CPU: 31.34% ; MEM: 4699.14 
iteration: 1512 ; CPU: 31.20% ; MEM: 4699.14 
iteration: 1513 ; CPU: 31.21% ; MEM: 4699.14 
iteration: 1514 ; CPU: 31.27% ; MEM: 4699.14 
iteration: 1515 ; CPU: 31.28% ; MEM: 4699.14 
iteration: 1516 ; CPU: 31.30% ; MEM: 4699.14 
iteration: 1517 ; CPU: 31.32% ; MEM: 4699.14 
iteration: 1518 ; CPU: 31.33% ; MEM: 4699.14 
iteration: 1519 ; CPU: 31.19% ; MEM: 4699.14 
iteration: 1520 ; CPU: 31.21% ; MEM: 4699.14 
iteration: 1521 ; CPU: 31.27% ; MEM: 4699.40 
iteration: 1522 ; CPU: 31.28% ; MEM: 4699.40 
iteration: 1523 ; CPU: 31.30% ; MEM: 4699.40 
iteration: 1524 ; CPU: 31.32% ; MEM: 4699.40 
iteration: 1525 ; CPU: 31.17% ; MEM: 4699.40 
iteration: 1526 ; CPU: 31.20% ; MEM: 4699.40 
iteration: 1527 ; CPU: 31.24% ; MEM: 4699.40 
iteration: 1528 ; CPU: 31.27% ; MEM: 4699.40 
iteration: 1529 ; CPU: 31.28% ; MEM: 4699.50 
iteration: 1530 ; CPU: 31.30% ; MEM: 4699.50 
iteration: 1531 ; CPU: 31.33% ; MEM: 4699.50 
iteration: 1532 ; CPU: 31.18% ; MEM: 4699.50 
iteration: 1533 ; CPU: 31.20% ; MEM: 4699.50 
iteration: 1534 ; CPU: 31.25% ; MEM: 4699.50 
iteration: 1535 ; CPU: 31.28% ; MEM: 4699.50 
iteration: 1536 ; CPU: 31.29% ; MEM: 4699.50 
iteration: 1537 ; CPU: 31.30% ; MEM: 4699.50 
iteration: 1538 ; CPU: 31.32% ; MEM: 4699.56 
iteration: 1539 ; CPU: 31.20% ; MEM: 4699.56 
iteration: 1540 ; CPU: 31.24% ; MEM: 4699.56 
iteration: 1541 ; CPU: 31.26% ; MEM: 4699.56 
iteration: 1542 ; CPU: 31.28% ; MEM: 4699.56 
iteration: 1543 ; CPU: 31.29% ; MEM: 4699.56 
iteration: 1544 ; CPU: 31.31% ; MEM: 4699.56 
iteration: 1545 ; CPU: 31.33% ; MEM: 4699.56 
iteration: 1546 ; CPU: 31.19% ; MEM: 4699.56 
iteration: 1547 ; CPU: 31.24% ; MEM: 4699.56 
iteration: 1548 ; CPU: 31.26% ; MEM: 4699.56 
iteration: 1549 ; CPU: 31.28% ; MEM: 4699.56 
iteration: 1550 ; CPU: 31.30% ; MEM: 4699.56 
iteration: 1551 ; CPU: 31.31% ; MEM: 4699.56 
iteration: 1552 ; CPU: 31.33% ; MEM: 4699.56 
iteration: 1553 ; CPU: 31.22% ; MEM: 4699.56 
iteration: 1554 ; CPU: 31.23% ; MEM: 4699.56 
iteration: 1555 ; CPU: 31.25% ; MEM: 4699.56 
iteration: 1556 ; CPU: 31.28% ; MEM: 4699.56 
iteration: 1557 ; CPU: 31.29% ; MEM: 4699.56 
iteration: 1558 ; CPU: 31.31% ; MEM: 4699.56 
iteration: 1559 ; CPU: 31.18% ; MEM: 4699.56 
iteration: 1560 ; CPU: 31.23% ; MEM: 4699.56 
iteration: 1561 ; CPU: 31.25% ; MEM: 4699.56 
iteration: 1562 ; CPU: 31.27% ; MEM: 4699.56 
iteration: 1563 ; CPU: 31.29% ; MEM: 4699.56 
iteration: 1564 ; CPU: 31.30% ; MEM: 4699.56 
iteration: 1565 ; CPU: 31.32% ; MEM: 4699.56 
iteration: 1566 ; CPU: 31.21% ; MEM: 4699.56 
iteration: 1567 ; CPU: 31.23% ; MEM: 4699.56 
iteration: 1568 ; CPU: 31.25% ; MEM: 4699.56 
iteration: 1569 ; CPU: 31.27% ; MEM: 4699.56 
iteration: 1570 ; CPU: 31.29% ; MEM: 4699.56 
iteration: 1571 ; CPU: 31.30% ; MEM: 4699.56 
iteration: 1572 ; CPU: 31.33% ; MEM: 4699.56 
iteration: 1573 ; CPU: 31.22% ; MEM: 4699.56 
iteration: 1574 ; CPU: 31.24% ; MEM: 4699.56 
iteration: 1575 ; CPU: 31.25% ; MEM: 4699.56 
iteration: 1576 ; CPU: 31.27% ; MEM: 4699.56 
iteration: 1577 ; CPU: 31.29% ; MEM: 4699.56 
iteration: 1578 ; CPU: 31.31% ; MEM: 4699.56 
iteration: 1579 ; CPU: 31.32% ; MEM: 4699.56 
iteration: 1580 ; CPU: 31.21% ; MEM: 4699.56 
iteration: 1581 ; CPU: 31.23% ; MEM: 4699.56 
iteration: 1582 ; CPU: 31.25% ; MEM: 4699.56 
iteration: 1583 ; CPU: 31.26% ; MEM: 4699.56 
iteration: 1584 ; CPU: 31.29% ; MEM: 4699.56 
iteration: 1585 ; CPU: 31.30% ; MEM: 4699.56 
iteration: 1586 ; CPU: 31.32% ; MEM: 4699.56 
iteration: 1587 ; CPU: 31.21% ; MEM: 4699.56 
iteration: 1588 ; CPU: 31.24% ; MEM: 4699.63 
iteration: 1589 ; CPU: 31.25% ; MEM: 4699.70 
iteration: 1590 ; CPU: 31.27% ; MEM: 4699.70 
iteration: 1591 ; CPU: 31.29% ; MEM: 4699.70 
iteration: 1592 ; CPU: 31.30% ; MEM: 4699.70 
iteration: 1593 ; CPU: 31.20% ; MEM: 4699.71 
iteration: 1594 ; CPU: 31.22% ; MEM: 4699.71 
iteration: 1595 ; CPU: 31.24% ; MEM: 4699.71 
iteration: 1596 ; CPU: 31.25% ; MEM: 4699.71 
iteration: 1597 ; CPU: 31.26% ; MEM: 4699.71 
iteration: 1598 ; CPU: 31.29% ; MEM: 4699.71 
iteration: 1599 ; CPU: 31.30% ; MEM: 4699.71 
iteration: 1600 ; CPU: 31.20% ; MEM: 4699.71 
iteration: 1601 ; CPU: 31.21% ; MEM: 4699.71 
iteration: 1602 ; CPU: 31.24% ; MEM: 4699.71 
iteration: 1603 ; CPU: 31.25% ; MEM: 4699.71 
iteration: 1604 ; CPU: 31.27% ; MEM: 4699.90 
iteration: 1605 ; CPU: 31.30% ; MEM: 4699.90 
iteration: 1606 ; CPU: 31.30% ; MEM: 4699.90 
iteration: 1607 ; CPU: 31.21% ; MEM: 4699.90 
iteration: 1608 ; CPU: 31.22% ; MEM: 4699.98 
iteration: 1609 ; CPU: 31.24% ; MEM: 4699.98 
iteration: 1610 ; CPU: 31.26% ; MEM: 4699.98 
iteration: 1611 ; CPU: 31.27% ; MEM: 4699.98 
iteration: 1612 ; CPU: 31.29% ; MEM: 4700.00 
iteration: 1613 ; CPU: 31.30% ; MEM: 4700.00 
iteration: 1614 ; CPU: 31.20% ; MEM: 4700.00 
iteration: 1615 ; CPU: 31.22% ; MEM: 4700.00 
iteration: 1616 ; CPU: 31.24% ; MEM: 4700.00 
iteration: 1617 ; CPU: 31.25% ; MEM: 4700.00 
iteration: 1618 ; CPU: 31.27% ; MEM: 4700.00 
iteration: 1619 ; CPU: 31.29% ; MEM: 4700.00 
iteration: 1620 ; CPU: 31.30% ; MEM: 4700.00 
iteration: 1621 ; CPU: 31.20% ; MEM: 4700.00 
iteration: 1622 ; CPU: 31.22% ; MEM: 4700.01 
iteration: 1623 ; CPU: 31.25% ; MEM: 4699.98 
iteration: 1624 ; CPU: 31.26% ; MEM: 4699.98 
iteration: 1625 ; CPU: 31.27% ; MEM: 4699.98 
iteration: 1626 ; CPU: 31.29% ; MEM: 4699.98 
iteration: 1627 ; CPU: 31.20% ; MEM: 4699.98 
iteration: 1628 ; CPU: 31.21% ; MEM: 4699.98 
iteration: 1629 ; CPU: 31.23% ; MEM: 4699.98 
iteration: 1630 ; CPU: 31.25% ; MEM: 4699.98 
iteration: 1631 ; CPU: 31.27% ; MEM: 4699.98 
iteration: 1632 ; CPU: 31.29% ; MEM: 4699.98 
iteration: 1633 ; CPU: 31.33% ; MEM: 4699.98 
iteration: 1634 ; CPU: 31.20% ; MEM: 4699.98 
iteration: 1635 ; CPU: 31.21% ; MEM: 4699.98 
iteration: 1636 ; CPU: 31.23% ; MEM: 4699.98 
iteration: 1637 ; CPU: 31.25% ; MEM: 4699.98 
iteration: 1638 ; CPU: 31.26% ; MEM: 4699.98 
iteration: 1639 ; CPU: 31.29% ; MEM: 4699.99 
iteration: 1640 ; CPU: 31.34% ; MEM: 4699.99 
iteration: 1641 ; CPU: 31.21% ; MEM: 4699.99 
iteration: 1642 ; CPU: 31.22% ; MEM: 4699.99 
iteration: 1643 ; CPU: 31.25% ; MEM: 4699.99 
iteration: 1644 ; CPU: 31.26% ; MEM: 4699.99 
iteration: 1645 ; CPU: 31.28% ; MEM: 4699.99 
iteration: 1646 ; CPU: 31.33% ; MEM: 4700.30 
iteration: 1647 ; CPU: 31.20% ; MEM: 4700.30 
iteration: 1648 ; CPU: 31.21% ; MEM: 4700.30 
iteration: 1649 ; CPU: 31.23% ; MEM: 4700.30 
iteration: 1650 ; CPU: 31.25% ; MEM: 4700.30 
iteration: 1651 ; CPU: 31.26% ; MEM: 4700.34 
iteration: 1652 ; CPU: 31.29% ; MEM: 4700.34 
iteration: 1653 ; CPU: 31.33% ; MEM: 4700.34 
iteration: 1654 ; CPU: 31.20% ; MEM: 4700.34 
iteration: 1655 ; CPU: 31.21% ; MEM: 4700.34 
iteration: 1656 ; CPU: 31.23% ; MEM: 4700.34 
iteration: 1657 ; CPU: 31.25% ; MEM: 4700.34 
iteration: 1658 ; CPU: 31.26% ; MEM: 4700.34 
iteration: 1659 ; CPU: 31.32% ; MEM: 4700.34 
iteration: 1660 ; CPU: 31.34% ; MEM: 4700.34 
iteration: 1661 ; CPU: 31.21% ; MEM: 4700.34 
iteration: 1662 ; CPU: 31.22% ; MEM: 4700.34 
iteration: 1663 ; CPU: 31.24% ; MEM: 4700.34 
iteration: 1664 ; CPU: 31.26% ; MEM: 4700.34 
iteration: 1665 ; CPU: 31.30% ; MEM: 4700.34 
iteration: 1666 ; CPU: 31.33% ; MEM: 4700.34 
iteration: 1667 ; CPU: 31.34% ; MEM: 4700.34 
iteration: 1668 ; CPU: 31.20% ; MEM: 4700.34 
iteration: 1669 ; CPU: 31.22% ; MEM: 4700.34 
iteration: 1670 ; CPU: 31.24% ; MEM: 4700.34 
iteration: 1671 ; CPU: 31.26% ; MEM: 4700.34 
iteration: 1672 ; CPU: 31.30% ; MEM: 4700.34 
iteration: 1673 ; CPU: 31.32% ; MEM: 4700.34 
iteration: 1674 ; CPU: 31.19% ; MEM: 4700.34 
iteration: 1675 ; CPU: 31.21% ; MEM: 4700.35 
iteration: 1676 ; CPU: 31.22% ; MEM: 4700.35 
iteration: 1677 ; CPU: 31.24% ; MEM: 4700.35 
iteration: 1678 ; CPU: 31.29% ; MEM: 4700.35 
iteration: 1679 ; CPU: 31.31% ; MEM: 4700.51 
iteration: 1680 ; CPU: 31.32% ; MEM: 4700.51 
iteration: 1681 ; CPU: 31.19% ; MEM: 4700.51 
iteration: 1682 ; CPU: 31.21% ; MEM: 4700.51 
iteration: 1683 ; CPU: 31.24% ; MEM: 4700.51 
iteration: 1684 ; CPU: 31.25% ; MEM: 4700.51 
iteration: 1685 ; CPU: 31.29% ; MEM: 4700.51 
iteration: 1686 ; CPU: 31.32% ; MEM: 4700.53 
iteration: 1687 ; CPU: 31.33% ; MEM: 4700.53 
iteration: 1688 ; CPU: 31.20% ; MEM: 4700.53 
iteration: 1689 ; CPU: 31.21% ; MEM: 4700.66 
iteration: 1690 ; CPU: 31.24% ; MEM: 4700.66 
iteration: 1691 ; CPU: 31.28% ; MEM: 4700.66 
iteration: 1692 ; CPU: 31.29% ; MEM: 4700.66 
iteration: 1693 ; CPU: 31.31% ; MEM: 4700.66 
iteration: 1694 ; CPU: 31.33% ; MEM: 4700.66 
iteration: 1695 ; CPU: 31.20% ; MEM: 4700.66 
iteration: 1696 ; CPU: 31.21% ; MEM: 4700.66 
iteration: 1697 ; CPU: 31.24% ; MEM: 4700.66 
iteration: 1698 ; CPU: 31.28% ; MEM: 4700.66 
iteration: 1699 ; CPU: 31.29% ; MEM: 4700.66 
iteration: 1700 ; CPU: 31.32% ; MEM: 4700.66 
iteration: 1701 ; CPU: 31.18% ; MEM: 4700.66 
iteration: 1702 ; CPU: 31.20% ; MEM: 4700.66 
iteration: 1703 ; CPU: 31.21% ; MEM: 4700.66 
iteration: 1704 ; CPU: 31.26% ; MEM: 4700.66 
iteration: 1705 ; CPU: 31.28% ; MEM: 4700.66 
iteration: 1706 ; CPU: 31.30% ; MEM: 4700.66 
iteration: 1707 ; CPU: 31.31% ; MEM: 4700.66 
iteration: 1708 ; CPU: 31.19% ; MEM: 4700.66 
iteration: 1709 ; CPU: 31.21% ; MEM: 4700.66 
iteration: 1710 ; CPU: 31.26% ; MEM: 4700.66 
iteration: 1711 ; CPU: 31.27% ; MEM: 4700.66 
iteration: 1712 ; CPU: 31.28% ; MEM: 4700.66 
iteration: 1713 ; CPU: 31.30% ; MEM: 4700.66 
iteration: 1714 ; CPU: 31.32% ; MEM: 4700.66 
iteration: 1715 ; CPU: 31.19% ; MEM: 4700.66 
iteration: 1716 ; CPU: 31.20% ; MEM: 4700.66 
iteration: 1717 ; CPU: 31.25% ; MEM: 4700.66 
iteration: 1718 ; CPU: 31.26% ; MEM: 4700.66 
iteration: 1719 ; CPU: 31.28% ; MEM: 4700.66 
iteration: 1720 ; CPU: 31.30% ; MEM: 4700.66 
iteration: 1721 ; CPU: 31.31% ; MEM: 4700.66 
iteration: 1722 ; CPU: 31.18% ; MEM: 4700.66 
iteration: 1723 ; CPU: 31.20% ; MEM: 4700.66 
iteration: 1724 ; CPU: 31.25% ; MEM: 4700.66 
iteration: 1725 ; CPU: 31.26% ; MEM: 4700.66 
iteration: 1726 ; CPU: 31.27% ; MEM: 4700.66 
iteration: 1727 ; CPU: 31.30% ; MEM: 4700.66 
iteration: 1728 ; CPU: 31.30% ; MEM: 4700.66 
iteration: 1729 ; CPU: 31.19% ; MEM: 4700.66 
iteration: 1730 ; CPU: 31.25% ; MEM: 4700.66 
iteration: 1731 ; CPU: 31.26% ; MEM: 4700.66 
iteration: 1732 ; CPU: 31.27% ; MEM: 4700.66 
iteration: 1733 ; CPU: 31.30% ; MEM: 4700.66 
iteration: 1734 ; CPU: 31.31% ; MEM: 4700.66 
iteration: 1735 ; CPU: 31.19% ; MEM: 4700.66 
iteration: 1736 ; CPU: 31.20% ; MEM: 4700.66 
iteration: 1737 ; CPU: 31.25% ; MEM: 4700.66 
iteration: 1738 ; CPU: 31.27% ; MEM: 4700.66 
iteration: 1739 ; CPU: 31.29% ; MEM: 4700.66 
iteration: 1740 ; CPU: 31.30% ; MEM: 4700.66 
iteration: 1741 ; CPU: 31.31% ; MEM: 4700.66 
iteration: 1742 ; CPU: 31.20% ; MEM: 4700.66 
iteration: 1743 ; CPU: 31.26% ; MEM: 4700.66 
iteration: 1744 ; CPU: 31.27% ; MEM: 4700.66 
iteration: 1745 ; CPU: 31.29% ; MEM: 4700.66 
iteration: 1746 ; CPU: 31.30% ; MEM: 4700.66 
iteration: 1747 ; CPU: 31.31% ; MEM: 4700.66 
iteration: 1748 ; CPU: 31.19% ; MEM: 4700.66 
iteration: 1749 ; CPU: 31.20% ; MEM: 4700.66 
iteration: 1750 ; CPU: 31.25% ; MEM: 4700.66 
iteration: 1751 ; CPU: 31.27% ; MEM: 4700.66 
iteration: 1752 ; CPU: 31.27% ; MEM: 4700.66 
iteration: 1753 ; CPU: 31.29% ; MEM: 4700.66 
iteration: 1754 ; CPU: 31.31% ; MEM: 4700.66 
iteration: 1755 ; CPU: 31.20% ; MEM: 4700.66 
iteration: 1756 ; CPU: 31.24% ; MEM: 4700.66 
iteration: 1757 ; CPU: 31.26% ; MEM: 4700.66 
iteration: 1758 ; CPU: 31.28% ; MEM: 4700.66 
iteration: 1759 ; CPU: 31.29% ; MEM: 4700.66 
iteration: 1760 ; CPU: 31.31% ; MEM: 4700.66 
iteration: 1761 ; CPU: 31.19% ; MEM: 4700.66 
iteration: 1762 ; CPU: 31.25% ; MEM: 4700.66 
iteration: 1763 ; CPU: 31.26% ; MEM: 4700.66 
iteration: 1764 ; CPU: 31.27% ; MEM: 4700.66 
iteration: 1765 ; CPU: 31.29% ; MEM: 4700.66 
iteration: 1766 ; CPU: 31.30% ; MEM: 4700.66 
iteration: 1767 ; CPU: 31.31% ; MEM: 4700.66 
iteration: 1768 ; CPU: 31.23% ; MEM: 4700.66 
iteration: 1769 ; CPU: 31.25% ; MEM: 4700.66 
iteration: 1770 ; CPU: 31.26% ; MEM: 4700.66 
iteration: 1771 ; CPU: 31.27% ; MEM: 4700.74 
iteration: 1772 ; CPU: 31.29% ; MEM: 4700.85 
iteration: 1773 ; CPU: 31.31% ; MEM: 4700.85 
iteration: 1774 ; CPU: 31.32% ; MEM: 4700.85 
iteration: 1775 ; CPU: 31.25% ; MEM: 4700.85 
iteration: 1776 ; CPU: 31.26% ; MEM: 4700.85 
iteration: 1777 ; CPU: 31.28% ; MEM: 4700.85 
iteration: 1778 ; CPU: 31.29% ; MEM: 4700.85 
iteration: 1779 ; CPU: 31.31% ; MEM: 4700.85 
iteration: 1780 ; CPU: 31.32% ; MEM: 4700.85 
iteration: 1781 ; CPU: 31.24% ; MEM: 4700.85 
iteration: 1782 ; CPU: 31.25% ; MEM: 4700.85 
iteration: 1783 ; CPU: 31.26% ; MEM: 4700.85 
iteration: 1784 ; CPU: 31.28% ; MEM: 4700.85 
iteration: 1785 ; CPU: 31.30% ; MEM: 4700.85 
iteration: 1786 ; CPU: 31.31% ; MEM: 4700.85 
iteration: 1787 ; CPU: 31.33% ; MEM: 4700.85 
iteration: 1788 ; CPU: 31.25% ; MEM: 4700.85 
iteration: 1789 ; CPU: 31.26% ; MEM: 4700.85 
iteration: 1790 ; CPU: 31.28% ; MEM: 4700.85 
iteration: 1791 ; CPU: 31.30% ; MEM: 4700.85 
iteration: 1792 ; CPU: 31.31% ; MEM: 4700.95 
iteration: 1793 ; CPU: 31.33% ; MEM: 4700.95 
iteration: 1794 ; CPU: 31.35% ; MEM: 4701.13 
iteration: 1795 ; CPU: 31.25% ; MEM: 4701.22 
iteration: 1796 ; CPU: 31.27% ; MEM: 4701.22 
iteration: 1797 ; CPU: 31.28% ; MEM: 4701.22 
iteration: 1798 ; CPU: 31.30% ; MEM: 4701.22 
iteration: 1799 ; CPU: 31.31% ; MEM: 4701.22 
iteration: 1800 ; CPU: 31.32% ; MEM: 4701.22 
